2024/10/17 10:11:56,187 [INFO] ChekcStr - Substring result: 000011
2024/10/17 10:11:56,192 [INFO] ChekcStr - End of binarise algorithm
2024/10/17 10:11:56,192 [INFO] ChekcStr - Substring result: 1000011
2024/10/17 10:11:56,212 [INFO] ChekcStr - Object created.
2024/10/17 10:11:56,212 [INFO] ChekcStr - Start of binarise algorithm
2024/10/17 10:11:56,213 [INFO] ChekcStr - Start of binarise algorithm
2024/10/17 10:11:56,213 [INFO] ChekcStr - Start of binarise algorithm
2024/10/17 10:11:56,213 [INFO] ChekcStr - Start of binarise algorithm
2024/10/17 10:11:56,213 [INFO] ChekcStr - Start of binarise algorithm
2024/10/17 10:11:56,213 [INFO] ChekcStr - Start of binarise algorithm
2024/10/17 10:11:56,213 [INFO] ChekcStr - Start of binarise algorithm
2024/10/17 10:11:56,214 [INFO] ChekcStr - Start of binarise algorithm
2024/10/17 10:11:56,214 [INFO] ChekcStr - Returns empty
2024/10/17 10:11:56,214 [INFO] ChekcStr - Substring result: 1
2024/10/17 10:11:56,214 [INFO] ChekcStr - Substring result: 11
2024/10/17 10:11:56,214 [INFO] ChekcStr - Substring result: 011
2024/10/17 10:11:56,215 [INFO] ChekcStr - End of binarise algorithm
2024/10/17 10:11:56,215 [INFO] ChekcStr - Substring result: 0011
2024/10/17 10:11:56,215 [INFO] ChekcStr - End of binarise algorithm
2024/10/17 10:11:56,215 [INFO] ChekcStr - Substring result: 00011
2024/10/17 10:11:56,215 [INFO] ChekcStr - End of binarise algorithm
2024/10/17 10:11:56,215 [INFO] ChekcStr - Substring result: 100011
2024/10/17 10:11:56,215 [INFO] ChekcStr - Substring result: 0100011
2024/10/17 10:11:56,215 [INFO] ChekcStr - End of binarise algorithm
2024/10/17 10:11:56,218 [INFO] ChekcStr - Object created.
2024/10/17 10:11:56,218 [INFO] ChekcStr - Start of binarise algorithm
2024/10/17 10:11:56,218 [INFO] ChekcStr - Start of binarise algorithm
2024/10/17 10:11:56,218 [INFO] ChekcStr - Start of binarise algorithm
2024/10/17 10:11:56,218 [INFO] ChekcStr - Start of binarise algorithm
2024/10/17 10:11:56,218 [INFO] ChekcStr - Start of binarise algorithm
2024/10/17 10:11:56,218 [INFO] ChekcStr - Start of binarise algorithm
2024/10/17 10:11:56,219 [INFO] ChekcStr - Start of binarise algorithm
2024/10/17 10:11:56,219 [INFO] ChekcStr - Start of binarise algorithm
2024/10/17 10:11:56,219 [INFO] ChekcStr - Returns empty
2024/10/17 10:11:56,219 [INFO] ChekcStr - Substring result: 1
2024/10/17 10:11:56,219 [INFO] ChekcStr - Substring result: 11
2024/10/17 10:11:56,219 [INFO] ChekcStr - Substring result: 011
2024/10/17 10:11:56,219 [INFO] ChekcStr - End of binarise algorithm
2024/10/17 10:11:56,219 [INFO] ChekcStr - Substring result: 0011
2024/10/17 10:11:56,219 [INFO] ChekcStr - End of binarise algorithm
2024/10/17 10:11:56,219 [INFO] ChekcStr - Substring result: 00011
2024/10/17 10:11:56,219 [INFO] ChekcStr - End of binarise algorithm
2024/10/17 10:11:56,219 [INFO] ChekcStr - Substring result: 100011
2024/10/17 10:11:56,219 [INFO] ChekcStr - Substring result: 1100011
2024/10/17 10:11:56,222 [INFO] ChekcStr - Object created.
2024/10/17 10:11:56,223 [INFO] ChekcStr - Start of binarise algorithm
2024/10/17 10:11:56,223 [INFO] ChekcStr - Start of binarise algorithm
2024/10/17 10:11:56,223 [INFO] ChekcStr - Start of binarise algorithm
2024/10/17 10:11:56,223 [INFO] ChekcStr - Start of binarise algorithm
2024/10/17 10:11:56,223 [INFO] ChekcStr - Start of binarise algorithm
2024/10/17 10:11:56,223 [INFO] ChekcStr - Start of binarise algorithm
2024/10/17 10:11:56,223 [INFO] ChekcStr - Start of binarise algorithm
2024/10/17 10:11:56,223 [INFO] ChekcStr - Start of binarise algorithm
2024/10/17 10:11:56,223 [INFO] ChekcStr - Returns empty
2024/10/17 10:11:56,223 [INFO] ChekcStr - Substring result: 1
2024/10/17 10:11:56,224 [INFO] ChekcStr - Substring result: 11
2024/10/17 10:11:56,224 [INFO] ChekcStr - Substring result: 011
2024/10/17 10:11:56,224 [INFO] ChekcStr - End of binarise algorithm
2024/10/17 10:11:56,224 [INFO] ChekcStr - Substring result: 0011
2024/10/17 10:11:56,224 [INFO] ChekcStr - End of binarise algorithm
2024/10/17 10:11:56,224 [INFO] ChekcStr - Substring result: 10011
2024/10/17 10:11:56,224 [INFO] ChekcStr - Substring result: 010011
2024/10/17 10:11:56,224 [INFO] ChekcStr - End of binarise algorithm
2024/10/17 10:11:56,224 [INFO] ChekcStr - Substring result: 0010011
2024/10/17 10:11:56,224 [INFO] ChekcStr - End of binarise algorithm
2024/10/17 10:11:56,227 [INFO] ChekcStr - Object created.
2024/10/17 10:11:56,228 [INFO] ChekcStr - Start of binarise algorithm
2024/10/17 10:11:56,228 [INFO] ChekcStr - Start of binarise algorithm
2024/10/17 10:11:56,228 [INFO] ChekcStr - Start of binarise algorithm
2024/10/17 10:11:56,228 [INFO] ChekcStr - Start of binarise algorithm
2024/10/17 10:11:56,228 [INFO] ChekcStr - Start of binarise algorithm
2024/10/17 10:11:56,228 [INFO] ChekcStr - Start of binarise algorithm
2024/10/17 10:11:56,228 [INFO] ChekcStr - Start of binarise algorithm
2024/10/17 10:11:56,228 [INFO] ChekcStr - Start of binarise algorithm
2024/10/17 10:11:56,228 [INFO] ChekcStr - Returns empty
2024/10/17 10:11:56,228 [INFO] ChekcStr - Substring result: 1
2024/10/17 10:11:56,228 [INFO] ChekcStr - Substring result: 11
2024/10/17 10:11:56,228 [INFO] ChekcStr - Substring result: 011
2024/10/17 10:11:56,229 [INFO] ChekcStr - End of binarise algorithm
2024/10/17 10:11:56,229 [INFO] ChekcStr - Substring result: 0011
2024/10/17 10:11:56,229 [INFO] ChekcStr - End of binarise algorithm
2024/10/17 10:11:56,229 [INFO] ChekcStr - Substring result: 10011
2024/10/17 10:11:56,229 [INFO] ChekcStr - Substring result: 010011
2024/10/17 10:11:56,229 [INFO] ChekcStr - End of binarise algorithm
2024/10/17 10:11:56,229 [INFO] ChekcStr - Substring result: 1010011
2024/10/17 10:11:56,234 [INFO] ChekcStr - Object created.
2024/10/17 10:11:56,235 [INFO] ChekcStr - Start of binarise algorithm
2024/10/17 10:11:56,235 [INFO] ChekcStr - Start of binarise algorithm
2024/10/17 10:11:56,235 [INFO] ChekcStr - Returns empty
2024/10/17 10:11:56,235 [INFO] ChekcStr - Substring result: 1
2024/10/17 10:11:56,238 [INFO] ChekcStr - Object created.
2024/10/17 10:11:56,238 [INFO] ChekcStr - Start of binarise algorithm
2024/10/17 10:11:56,238 [INFO] ChekcStr - Start of binarise algorithm
2024/10/17 10:11:56,238 [INFO] ChekcStr - Start of binarise algorithm
2024/10/17 10:11:56,238 [INFO] ChekcStr - Returns empty
2024/10/17 10:11:56,238 [INFO] ChekcStr - Substring result: 1
2024/10/17 10:11:56,238 [INFO] ChekcStr - Substring result: 01
2024/10/17 10:11:56,239 [INFO] ChekcStr - End of binarise algorithm
2024/10/17 10:11:56,243 [INFO] ChekcStr - Object created.
2024/10/17 10:11:56,244 [INFO] ChekcStr - Start of binarise algorithm
2024/10/17 10:11:56,244 [INFO] ChekcStr - Start of binarise algorithm
2024/10/17 10:11:56,244 [INFO] ChekcStr - Start of binarise algorithm
2024/10/17 10:11:56,244 [INFO] ChekcStr - Returns empty
2024/10/17 10:11:56,244 [INFO] ChekcStr - Substring result: 1
2024/10/17 10:11:56,244 [INFO] ChekcStr - Substring result: 11
2024/10/17 10:11:56,248 [INFO] ChekcStr - Object created.
2024/10/17 10:11:56,248 [INFO] ChekcStr - Start of binarise algorithm
2024/10/17 10:11:56,249 [INFO] ChekcStr - Start of binarise algorithm
2024/10/17 10:11:56,249 [INFO] ChekcStr - Start of binarise algorithm
2024/10/17 10:11:56,249 [INFO] ChekcStr - Start of binarise algorithm
2024/10/17 10:11:56,249 [INFO] ChekcStr - Returns empty
2024/10/17 10:11:56,249 [INFO] ChekcStr - Substring result: 1
2024/10/17 10:11:56,249 [INFO] ChekcStr - Substring result: 01
2024/10/17 10:11:56,249 [INFO] ChekcStr - End of binarise algorithm
2024/10/17 10:11:56,249 [INFO] ChekcStr - Substring result: 001
2024/10/17 10:11:56,249 [INFO] ChekcStr - End of binarise algorithm
2024/10/17 10:11:56,251 [INFO] ChekcStr - Object created.
2024/10/17 10:11:56,251 [INFO] ChekcStr - Start of binarise algorithm
2024/10/17 10:11:56,252 [INFO] ChekcStr - Start of binarise algorithm
2024/10/17 10:11:56,252 [INFO] ChekcStr - Start of binarise algorithm
2024/10/17 10:11:56,252 [INFO] ChekcStr - Start of binarise algorithm
2024/10/17 10:11:56,252 [INFO] ChekcStr - Returns empty
2024/10/17 10:11:56,252 [INFO] ChekcStr - Substring result: 1
2024/10/17 10:11:56,252 [INFO] ChekcStr - Substring result: 01
2024/10/17 10:11:56,252 [INFO] ChekcStr - End of binarise algorithm
2024/10/17 10:11:56,252 [INFO] ChekcStr - Substring result: 101
2024/10/17 10:11:56,256 [INFO] ChekcStr - Object created.
2024/10/17 10:11:56,257 [INFO] ChekcStr - Start of binarise algorithm
2024/10/17 10:11:56,257 [INFO] ChekcStr - Start of binarise algorithm
2024/10/17 10:11:56,257 [INFO] ChekcStr - Start of binarise algorithm
2024/10/17 10:11:56,257 [INFO] ChekcStr - Start of binarise algorithm
2024/10/17 10:11:56,257 [INFO] ChekcStr - Returns empty
2024/10/17 10:11:56,258 [INFO] ChekcStr - Substring result: 1
2024/10/17 10:11:56,258 [INFO] ChekcStr - Substring result: 11
2024/10/17 10:11:56,258 [INFO] ChekcStr - Substring result: 011
2024/10/17 10:11:56,258 [INFO] ChekcStr - End of binarise algorithm
2024/10/17 10:11:56,262 [INFO] ChekcStr - Object created.
2024/10/17 10:11:56,262 [INFO] ChekcStr - Start of binarise algorithm
2024/10/17 10:11:56,263 [INFO] ChekcStr - Start of binarise algorithm
2024/10/17 10:11:56,263 [INFO] ChekcStr - Start of binarise algorithm
2024/10/17 10:11:56,263 [INFO] ChekcStr - Start of binarise algorithm
2024/10/17 10:11:56,263 [INFO] ChekcStr - Returns empty
2024/10/17 10:11:56,263 [INFO] ChekcStr - Substring result: 1
2024/10/17 10:11:56,263 [INFO] ChekcStr - Substring result: 11
2024/10/17 10:11:56,263 [INFO] ChekcStr - Substring result: 111
2024/10/17 10:11:56,267 [INFO] ChekcStr - Object created.
2024/10/17 10:11:56,267 [INFO] ChekcStr - Start of binarise algorithm
2024/10/17 10:11:56,267 [INFO] ChekcStr - Start of binarise algorithm
2024/10/17 10:11:56,267 [INFO] ChekcStr - Start of binarise algorithm
2024/10/17 10:11:56,267 [INFO] ChekcStr - Start of binarise algorithm
2024/10/17 10:11:56,267 [INFO] ChekcStr - Start of binarise algorithm
2024/10/17 10:11:56,267 [INFO] ChekcStr - Returns empty
2024/10/17 10:11:56,267 [INFO] ChekcStr - Substring result: 1
2024/10/17 10:11:56,268 [INFO] ChekcStr - Substring result: 01
