2024/10/17 10:10:34,721 [INFO] ChekcStr - End of binarise algorithm
2024/10/17 10:10:34,727 [INFO] ChekcStr - Object created.
2024/10/17 10:10:34,728 [INFO] ChekcStr - Start of binarise algorithm
2024/10/17 10:10:34,728 [INFO] ChekcStr - Start of binarise algorithm
2024/10/17 10:10:34,728 [INFO] ChekcStr - Start of binarise algorithm
2024/10/17 10:10:34,728 [INFO] ChekcStr - Start of binarise algorithm
2024/10/17 10:10:34,728 [INFO] ChekcStr - Returns empty
2024/10/17 10:10:34,728 [INFO] ChekcStr - Substring result: 1
2024/10/17 10:10:34,728 [INFO] ChekcStr - Substring result: 11
2024/10/17 10:10:34,729 [INFO] ChekcStr - Substring result: 111
2024/10/17 10:10:34,730 [INFO] ChekcStr - Object created.
2024/10/17 10:10:34,731 [INFO] ChekcStr - Start of binarise algorithm
2024/10/17 10:10:34,732 [INFO] ChekcStr - Start of binarise algorithm
2024/10/17 10:10:34,732 [INFO] ChekcStr - Start of binarise algorithm
2024/10/17 10:10:34,732 [INFO] ChekcStr - Start of binarise algorithm
2024/10/17 10:10:34,732 [INFO] ChekcStr - Start of binarise algorithm
2024/10/17 10:10:34,732 [INFO] ChekcStr - Returns empty
2024/10/17 10:10:34,733 [INFO] ChekcStr - Substring result: 1
2024/10/17 10:10:34,733 [INFO] ChekcStr - Substring result: 01
2024/10/17 10:10:34,733 [INFO] ChekcStr - End of binarise algorithm
2024/10/17 10:10:34,733 [INFO] ChekcStr - Substring result: 001
2024/10/17 10:10:34,733 [INFO] ChekcStr - End of binarise algorithm
2024/10/17 10:10:34,733 [INFO] ChekcStr - Substring result: 0001
2024/10/17 10:10:34,734 [INFO] ChekcStr - End of binarise algorithm
2024/10/17 10:10:34,736 [INFO] ChekcStr - Object created.
2024/10/17 10:10:34,736 [INFO] ChekcStr - Start of binarise algorithm
2024/10/17 10:10:34,736 [INFO] ChekcStr - Start of binarise algorithm
2024/10/17 10:10:34,736 [INFO] ChekcStr - Start of binarise algorithm
2024/10/17 10:10:34,736 [INFO] ChekcStr - Start of binarise algorithm
2024/10/17 10:10:34,736 [INFO] ChekcStr - Start of binarise algorithm
2024/10/17 10:10:34,737 [INFO] ChekcStr - Returns empty
2024/10/17 10:10:34,737 [INFO] ChekcStr - Substring result: 1
2024/10/17 10:10:34,737 [INFO] ChekcStr - Substring result: 01
2024/10/17 10:10:34,737 [INFO] ChekcStr - End of binarise algorithm
2024/10/17 10:10:34,737 [INFO] ChekcStr - Substring result: 001
2024/10/17 10:10:34,737 [INFO] ChekcStr - End of binarise algorithm
2024/10/17 10:10:34,737 [INFO] ChekcStr - Substring result: 1001
2024/10/17 10:10:34,740 [INFO] ChekcStr - Object created.
2024/10/17 10:10:34,740 [INFO] ChekcStr - Start of binarise algorithm
2024/10/17 10:10:34,741 [INFO] ChekcStr - Start of binarise algorithm
2024/10/17 10:10:34,741 [INFO] ChekcStr - Start of binarise algorithm
2024/10/17 10:10:34,741 [INFO] ChekcStr - Start of binarise algorithm
2024/10/17 10:10:34,741 [INFO] ChekcStr - Start of binarise algorithm
2024/10/17 10:10:34,741 [INFO] ChekcStr - Returns empty
2024/10/17 10:10:34,741 [INFO] ChekcStr - Substring result: 1
2024/10/17 10:10:34,741 [INFO] ChekcStr - Substring result: 01
2024/10/17 10:10:34,741 [INFO] ChekcStr - End of binarise algorithm
2024/10/17 10:10:34,741 [INFO] ChekcStr - Substring result: 101
2024/10/17 10:10:34,742 [INFO] ChekcStr - Substring result: 0101
2024/10/17 10:10:34,742 [INFO] ChekcStr - End of binarise algorithm
2024/10/17 10:10:34,751 [INFO] ChekcStr - Object created.
2024/10/17 10:10:34,752 [INFO] ChekcStr - Start of conversion
2024/10/17 10:10:34,753 [INFO] ChekcStr - Start of total length of binary numbers from string
2024/10/17 10:10:34,753 [INFO] ChekcStr - Returns 0
2024/10/17 10:10:34,753 [INFO] ChekcStr - Start of binarise algorithm
2024/10/17 10:10:34,753 [INFO] ChekcStr - Returns empty
2024/10/17 10:10:34,753 [INFO] ChekcStr - Result Value: 
2024/10/17 10:10:34,753 [INFO] ChekcStr - End of conversion
2024/10/17 10:10:34,757 [INFO] ChekcStr - Object created.
2024/10/17 10:10:34,758 [INFO] ChekcStr - Start of conversion
2024/10/17 10:10:34,758 [INFO] ChekcStr - Start of total length of binary numbers from string
2024/10/17 10:10:34,762 [INFO] ChekcStr - Object created.
2024/10/17 10:10:34,764 [INFO] ChekcStr - Start of conversion
2024/10/17 10:10:34,764 [INFO] ChekcStr - Start of total length of binary numbers from string
2024/10/17 10:10:34,764 [INFO] ChekcStr - Start of total length of binary numbers from string
2024/10/17 10:10:34,764 [INFO] ChekcStr - Start of total length of binary numbers from string
2024/10/17 10:10:34,764 [INFO] ChekcStr - Start of total length of binary numbers from string
2024/10/17 10:10:34,764 [INFO] ChekcStr - Start of total length of binary numbers from string
2024/10/17 10:10:34,764 [INFO] ChekcStr - Start of total length of binary numbers from string
2024/10/17 10:10:34,764 [INFO] ChekcStr - Start of total length of binary numbers from string
2024/10/17 10:10:34,765 [INFO] ChekcStr - Start of total length of binary numbers from string
2024/10/17 10:10:34,765 [INFO] ChekcStr - Start of total length of binary numbers from string
2024/10/17 10:10:34,765 [INFO] ChekcStr - Start of total length of binary numbers from string
2024/10/17 10:10:34,765 [INFO] ChekcStr - Returns the character as a number
2024/10/17 10:10:34,765 [INFO] ChekcStr - Method Result: 59
2024/10/17 10:10:34,765 [INFO] ChekcStr - End of total length of binary numbers from string
2024/10/17 10:10:34,765 [INFO] ChekcStr - Method Result: 108
2024/10/17 10:10:34,765 [INFO] ChekcStr - End of total length of binary numbers from string
2024/10/17 10:10:34,766 [INFO] ChekcStr - Method Result: 157
2024/10/17 10:10:34,766 [INFO] ChekcStr - End of total length of binary numbers from string
2024/10/17 10:10:34,766 [INFO] ChekcStr - Method Result: 206
2024/10/17 10:10:34,766 [INFO] ChekcStr - End of total length of binary numbers from string
2024/10/17 10:10:34,766 [INFO] ChekcStr - Method Result: 254
2024/10/17 10:10:34,766 [INFO] ChekcStr - End of total length of binary numbers from string
2024/10/17 10:10:34,766 [INFO] ChekcStr - Method Result: 302
2024/10/17 10:10:34,766 [INFO] ChekcStr - End of total length of binary numbers from string
2024/10/17 10:10:34,766 [INFO] ChekcStr - Method Result: 350
2024/10/17 10:10:34,767 [INFO] ChekcStr - End of total length of binary numbers from string
2024/10/17 10:10:34,767 [INFO] ChekcStr - Method Result: 399
2024/10/17 10:10:34,767 [INFO] ChekcStr - End of total length of binary numbers from string
2024/10/17 10:10:34,767 [INFO] ChekcStr - Method Result: 409
2024/10/17 10:10:34,767 [INFO] ChekcStr - End of total length of binary numbers from string
2024/10/17 10:10:34,767 [INFO] ChekcStr - Start of binarise algorithm
2024/10/17 10:10:34,767 [INFO] ChekcStr - Start of binarise algorithm
2024/10/17 10:10:34,767 [INFO] ChekcStr - Start of binarise algorithm
2024/10/17 10:10:34,767 [INFO] ChekcStr - Start of binarise algorithm
2024/10/17 10:10:34,767 [INFO] ChekcStr - Start of binarise algorithm
2024/10/17 10:10:34,767 [INFO] ChekcStr - Start of binarise algorithm
2024/10/17 10:10:34,768 [INFO] ChekcStr - Start of binarise algorithm
2024/10/17 10:10:34,768 [INFO] ChekcStr - Start of binarise algorithm
2024/10/17 10:10:34,768 [INFO] ChekcStr - Start of binarise algorithm
2024/10/17 10:10:34,768 [INFO] ChekcStr - Start of binarise algorithm
2024/10/17 10:10:34,768 [INFO] ChekcStr - Returns empty
2024/10/17 10:10:34,768 [INFO] ChekcStr - Substring result: 1
2024/10/17 10:10:34,768 [INFO] ChekcStr - Substring result: 11
2024/10/17 10:10:34,768 [INFO] ChekcStr - Substring result: 011
2024/10/17 10:10:34,768 [INFO] ChekcStr - End of binarise algorithm
2024/10/17 10:10:34,768 [INFO] ChekcStr - Substring result: 0011
2024/10/17 10:10:34,768 [INFO] ChekcStr - End of binarise algorithm
2024/10/17 10:10:34,768 [INFO] ChekcStr - Substring result: 10011
2024/10/17 10:10:34,768 [INFO] ChekcStr - Substring result: 110011
2024/10/17 10:10:34,768 [INFO] ChekcStr - Substring result: 0110011
2024/10/17 10:10:34,769 [INFO] ChekcStr - End of binarise algorithm
2024/10/17 10:10:34,769 [INFO] ChekcStr - Substring result: 00110011
2024/10/17 10:10:34,769 [INFO] ChekcStr - End of binarise algorithm
2024/10/17 10:10:34,769 [INFO] ChekcStr - Substring result: 100110011
2024/10/17 10:10:34,769 [INFO] ChekcStr - Result Value: 100110011
2024/10/17 10:10:34,769 [INFO] ChekcStr - End of conversion
2024/10/17 10:10:34,772 [INFO] ChekcStr - Object created.
2024/10/17 10:10:34,773 [INFO] ChekcStr - Start of conversion
2024/10/17 10:10:34,773 [INFO] ChekcStr - Start of total length of binary numbers from string
2024/10/17 10:10:34,773 [INFO] ChekcStr - Returns the character as a number
2024/10/17 10:10:34,773 [INFO] ChekcStr - Start of binarise algorithm
2024/10/17 10:10:34,773 [INFO] ChekcStr - Start of binarise algorithm
2024/10/17 10:10:34,773 [INFO] ChekcStr - Start of binarise algorithm
2024/10/17 10:10:34,773 [INFO] ChekcStr - Start of binarise algorithm
2024/10/17 10:10:34,773 [INFO] ChekcStr - Start of binarise algorithm
2024/10/17 10:10:34,773 [INFO] ChekcStr - Start of binarise algorithm
2024/10/17 10:10:34,773 [INFO] ChekcStr - Start of binarise algorithm
2024/10/17 10:10:34,773 [INFO] ChekcStr - Returns empty
2024/10/17 10:10:34,773 [INFO] ChekcStr - Substring result: 1
2024/10/17 10:10:34,773 [INFO] ChekcStr - Substring result: 11
2024/10/17 10:10:34,773 [INFO] ChekcStr - Substring result: 011
2024/10/17 10:10:34,773 [INFO] ChekcStr - End of binarise algorithm
2024/10/17 10:10:34,773 [INFO] ChekcStr - Substring result: 0011
2024/10/17 10:10:34,773 [INFO] ChekcStr - End of binarise algorithm
2024/10/17 10:10:34,774 [INFO] ChekcStr - Substring result: 00011
2024/10/17 10:10:34,774 [INFO] ChekcStr - End of binarise algorithm
2024/10/17 10:10:34,774 [INFO] ChekcStr - Substring result: 100011
2024/10/17 10:10:34,774 [INFO] ChekcStr - Result Value: 100011
2024/10/17 10:10:34,774 [INFO] ChekcStr - End of conversion
2024/10/17 10:10:34,777 [INFO] ChekcStr - Object created.
2024/10/17 10:10:34,778 [INFO] ChekcStr - Start of conversion
2024/10/17 10:10:34,778 [INFO] ChekcStr - Start of total length of binary numbers from string
2024/10/17 10:10:34,778 [INFO] ChekcStr - Returns the character as a number
