2024/10/17 08:53:32,740 [INFO] ChekcStr - Start of binarise algorithm
2024/10/17 08:53:32,744 [INFO] ChekcStr - Start of binarise algorithm
2024/10/17 08:53:32,744 [INFO] ChekcStr - Start of binarise algorithm
2024/10/17 08:53:32,745 [INFO] ChekcStr - Start of binarise algorithm
2024/10/17 08:53:32,745 [INFO] ChekcStr - Start of binarise algorithm
2024/10/17 08:53:32,745 [INFO] ChekcStr - Start of binarise algorithm
2024/10/17 08:53:32,745 [INFO] ChekcStr - Start of binarise algorithm
2024/10/17 08:53:32,745 [INFO] ChekcStr - Returns empty
2024/10/17 08:53:32,746 [INFO] ChekcStr - Substring result: 1
2024/10/17 08:53:32,746 [INFO] ChekcStr - Substring result: 11
2024/10/17 08:53:32,746 [INFO] ChekcStr - Substring result: 011
2024/10/17 08:53:32,746 [INFO] ChekcStr - End of binarise algorithm
2024/10/17 08:53:32,746 [INFO] ChekcStr - Substring result: 0011
2024/10/17 08:53:32,746 [INFO] ChekcStr - End of binarise algorithm
2024/10/17 08:53:32,747 [INFO] ChekcStr - Substring result: 10011
2024/10/17 08:53:32,747 [INFO] ChekcStr - Substring result: 010011
2024/10/17 08:53:32,747 [INFO] ChekcStr - End of binarise algorithm
2024/10/17 08:53:32,747 [INFO] ChekcStr - Result Value: 010011
2024/10/17 08:53:32,747 [INFO] ChekcStr - End of conversion
2024/10/17 08:53:32,750 [INFO] ChekcStr - Object created.
2024/10/17 08:53:32,751 [INFO] ChekcStr - Start of conversion
2024/10/17 08:53:32,751 [INFO] ChekcStr - Start of total length of binary numbers from string
2024/10/17 08:53:32,751 [INFO] ChekcStr - Returns the character as a number
2024/10/17 08:53:32,751 [INFO] ChekcStr - Start of binarise algorithm
2024/10/17 08:53:32,751 [INFO] ChekcStr - Start of binarise algorithm
2024/10/17 08:53:32,751 [INFO] ChekcStr - Start of binarise algorithm
2024/10/17 08:53:32,751 [INFO] ChekcStr - Start of binarise algorithm
2024/10/17 08:53:32,752 [INFO] ChekcStr - Start of binarise algorithm
2024/10/17 08:53:32,752 [INFO] ChekcStr - Start of binarise algorithm
2024/10/17 08:53:32,752 [INFO] ChekcStr - Start of binarise algorithm
2024/10/17 08:53:32,752 [INFO] ChekcStr - Returns empty
2024/10/17 08:53:32,752 [INFO] ChekcStr - Substring result: 1
2024/10/17 08:53:32,752 [INFO] ChekcStr - Substring result: 11
2024/10/17 08:53:32,752 [INFO] ChekcStr - Substring result: 011
2024/10/17 08:53:32,752 [INFO] ChekcStr - End of binarise algorithm
2024/10/17 08:53:32,753 [INFO] ChekcStr - Substring result: 0011
2024/10/17 08:53:32,753 [INFO] ChekcStr - End of binarise algorithm
2024/10/17 08:53:32,753 [INFO] ChekcStr - Substring result: 10011
2024/10/17 08:53:32,753 [INFO] ChekcStr - Substring result: 110011
2024/10/17 08:53:32,753 [INFO] ChekcStr - Result Value: 110011
2024/10/17 08:53:32,753 [INFO] ChekcStr - End of conversion
2024/10/17 08:53:32,759 [INFO] ChekcStr - Object created.
2024/10/17 08:53:32,759 [INFO] ChekcStr - Start of conversion
2024/10/17 08:53:32,759 [INFO] ChekcStr - Start of total length of binary numbers from string
2024/10/17 08:53:32,760 [INFO] ChekcStr - Returns the character as a number
2024/10/17 08:53:32,760 [INFO] ChekcStr - Start of binarise algorithm
2024/10/17 08:53:32,760 [INFO] ChekcStr - Start of binarise algorithm
2024/10/17 08:53:32,760 [INFO] ChekcStr - Start of binarise algorithm
2024/10/17 08:53:32,760 [INFO] ChekcStr - Start of binarise algorithm
2024/10/17 08:53:32,760 [INFO] ChekcStr - Start of binarise algorithm
2024/10/17 08:53:32,760 [INFO] ChekcStr - Start of binarise algorithm
2024/10/17 08:53:32,760 [INFO] ChekcStr - Start of binarise algorithm
2024/10/17 08:53:32,761 [INFO] ChekcStr - Returns empty
2024/10/17 08:53:32,761 [INFO] ChekcStr - Substring result: 1
2024/10/17 08:53:32,761 [INFO] ChekcStr - Substring result: 11
2024/10/17 08:53:32,761 [INFO] ChekcStr - Substring result: 011
2024/10/17 08:53:32,761 [INFO] ChekcStr - End of binarise algorithm
2024/10/17 08:53:32,761 [INFO] ChekcStr - Substring result: 1011
2024/10/17 08:53:32,761 [INFO] ChekcStr - Substring result: 01011
2024/10/17 08:53:32,761 [INFO] ChekcStr - End of binarise algorithm
2024/10/17 08:53:32,762 [INFO] ChekcStr - Substring result: 001011
2024/10/17 08:53:32,762 [INFO] ChekcStr - End of binarise algorithm
2024/10/17 08:53:32,762 [INFO] ChekcStr - Result Value: 001011
2024/10/17 08:53:32,762 [INFO] ChekcStr - End of conversion
2024/10/17 08:53:32,767 [INFO] ChekcStr - Object created.
2024/10/17 08:53:32,767 [INFO] ChekcStr - Start of conversion
2024/10/17 08:53:32,767 [INFO] ChekcStr - Start of total length of binary numbers from string
2024/10/17 08:53:32,767 [INFO] ChekcStr - Returns the character as a number
2024/10/17 08:53:32,767 [INFO] ChekcStr - Start of binarise algorithm
2024/10/17 08:53:32,768 [INFO] ChekcStr - Start of binarise algorithm
2024/10/17 08:53:32,768 [INFO] ChekcStr - Start of binarise algorithm
2024/10/17 08:53:32,768 [INFO] ChekcStr - Start of binarise algorithm
2024/10/17 08:53:32,768 [INFO] ChekcStr - Start of binarise algorithm
2024/10/17 08:53:32,768 [INFO] ChekcStr - Start of binarise algorithm
2024/10/17 08:53:32,768 [INFO] ChekcStr - Start of binarise algorithm
2024/10/17 08:53:32,768 [INFO] ChekcStr - Returns empty
2024/10/17 08:53:32,768 [INFO] ChekcStr - Substring result: 1
2024/10/17 08:53:32,769 [INFO] ChekcStr - Substring result: 11
2024/10/17 08:53:32,769 [INFO] ChekcStr - Substring result: 011
2024/10/17 08:53:32,769 [INFO] ChekcStr - End of binarise algorithm
2024/10/17 08:53:32,769 [INFO] ChekcStr - Substring result: 1011
2024/10/17 08:53:32,769 [INFO] ChekcStr - Substring result: 01011
2024/10/17 08:53:32,769 [INFO] ChekcStr - End of binarise algorithm
2024/10/17 08:53:32,769 [INFO] ChekcStr - Substring result: 101011
2024/10/17 08:53:32,769 [INFO] ChekcStr - Result Value: 101011
2024/10/17 08:53:32,769 [INFO] ChekcStr - End of conversion
2024/10/17 08:53:32,775 [INFO] ChekcStr - Object created.
2024/10/17 08:53:32,775 [INFO] ChekcStr - Start of conversion
2024/10/17 08:53:32,775 [INFO] ChekcStr - Start of total length of binary numbers from string
2024/10/17 08:53:32,775 [INFO] ChekcStr - Returns the character as a number
2024/10/17 08:53:32,776 [INFO] ChekcStr - Start of binarise algorithm
2024/10/17 08:53:32,776 [INFO] ChekcStr - Start of binarise algorithm
2024/10/17 08:53:32,776 [INFO] ChekcStr - Start of binarise algorithm
2024/10/17 08:53:32,776 [INFO] ChekcStr - Start of binarise algorithm
2024/10/17 08:53:32,776 [INFO] ChekcStr - Start of binarise algorithm
2024/10/17 08:53:32,776 [INFO] ChekcStr - Start of binarise algorithm
2024/10/17 08:53:32,776 [INFO] ChekcStr - Start of binarise algorithm
2024/10/17 08:53:32,776 [INFO] ChekcStr - Returns empty
2024/10/17 08:53:32,776 [INFO] ChekcStr - Substring result: 1
2024/10/17 08:53:32,776 [INFO] ChekcStr - Substring result: 11
2024/10/17 08:53:32,777 [INFO] ChekcStr - Substring result: 011
2024/10/17 08:53:32,777 [INFO] ChekcStr - End of binarise algorithm
2024/10/17 08:53:32,777 [INFO] ChekcStr - Substring result: 1011
2024/10/17 08:53:32,777 [INFO] ChekcStr - Substring result: 11011
2024/10/17 08:53:32,777 [INFO] ChekcStr - Substring result: 011011
2024/10/17 08:53:32,777 [INFO] ChekcStr - End of binarise algorithm
2024/10/17 08:53:32,777 [INFO] ChekcStr - Result Value: 011011
2024/10/17 08:53:32,777 [INFO] ChekcStr - End of conversion
2024/10/17 08:53:32,782 [INFO] ChekcStr - Object created.
2024/10/17 08:53:32,783 [INFO] ChekcStr - Start of conversion
2024/10/17 08:53:32,783 [INFO] ChekcStr - Start of total length of binary numbers from string
2024/10/17 08:53:32,783 [INFO] ChekcStr - Returns the character as a number
2024/10/17 08:53:32,783 [INFO] ChekcStr - Start of binarise algorithm
2024/10/17 08:53:32,783 [INFO] ChekcStr - Start of binarise algorithm
2024/10/17 08:53:32,783 [INFO] ChekcStr - Start of binarise algorithm
2024/10/17 08:53:32,784 [INFO] ChekcStr - Start of binarise algorithm
2024/10/17 08:53:32,784 [INFO] ChekcStr - Start of binarise algorithm
2024/10/17 08:53:32,784 [INFO] ChekcStr - Start of binarise algorithm
2024/10/17 08:53:32,784 [INFO] ChekcStr - Start of binarise algorithm
2024/10/17 08:53:32,784 [INFO] ChekcStr - Returns empty
2024/10/17 08:53:32,784 [INFO] ChekcStr - Substring result: 1
2024/10/17 08:53:32,784 [INFO] ChekcStr - Substring result: 11
2024/10/17 08:53:32,785 [INFO] ChekcStr - Substring result: 011
2024/10/17 08:53:32,785 [INFO] ChekcStr - End of binarise algorithm
2024/10/17 08:53:32,785 [INFO] ChekcStr - Substring result: 1011
2024/10/17 08:53:32,785 [INFO] ChekcStr - Substring result: 11011
2024/10/17 08:53:32,785 [INFO] ChekcStr - Substring result: 111011
2024/10/17 08:53:32,785 [INFO] ChekcStr - Result Value: 111011
2024/10/17 08:53:32,785 [INFO] ChekcStr - End of conversion
2024/10/17 08:53:32,794 [INFO] ChekcStr - Object created.
2024/10/17 08:53:32,795 [INFO] ChekcStr - Start of conversion
2024/10/17 08:53:32,795 [INFO] ChekcStr - Start of total length of binary numbers from string
2024/10/17 08:53:32,795 [INFO] ChekcStr - Returns the character as a number
2024/10/17 08:53:32,795 [INFO] ChekcStr - Start of binarise algorithm
2024/10/17 08:53:32,795 [INFO] ChekcStr - Start of binarise algorithm
2024/10/17 08:53:32,796 [INFO] ChekcStr - Start of binarise algorithm
2024/10/17 08:53:32,796 [INFO] ChekcStr - Start of binarise algorithm
2024/10/17 08:53:32,796 [INFO] ChekcStr - Start of binarise algorithm
2024/10/17 08:53:32,796 [INFO] ChekcStr - Start of binarise algorithm
2024/10/17 08:53:32,796 [INFO] ChekcStr - Start of binarise algorithm
2024/10/17 08:53:32,796 [INFO] ChekcStr - Returns empty
2024/10/17 08:53:32,796 [INFO] ChekcStr - Substring result: 1
2024/10/17 08:53:32,796 [INFO] ChekcStr - Substring result: 11
2024/10/17 08:53:32,796 [INFO] ChekcStr - Substring result: 111
2024/10/17 08:53:32,796 [INFO] ChekcStr - Substring result: 0111
2024/10/17 08:53:32,796 [INFO] ChekcStr - End of binarise algorithm
2024/10/17 08:53:32,796 [INFO] ChekcStr - Substring result: 00111
2024/10/17 08:53:32,796 [INFO] ChekcStr - End of binarise algorithm
2024/10/17 08:53:32,796 [INFO] ChekcStr - Substring result: 000111
2024/10/17 08:53:32,796 [INFO] ChekcStr - End of binarise algorithm
