2024/10/17 08:53:32,797 [INFO] ChekcStr - Result Value: 000111
2024/10/17 08:53:32,801 [INFO] ChekcStr - End of conversion
2024/10/17 08:53:32,804 [INFO] ChekcStr - Object created.
2024/10/17 08:53:32,804 [INFO] ChekcStr - Start of conversion
2024/10/17 08:53:32,804 [INFO] ChekcStr - Start of total length of binary numbers from string
2024/10/17 08:53:32,804 [INFO] ChekcStr - Returns the character as a number
2024/10/17 08:53:32,804 [INFO] ChekcStr - Start of binarise algorithm
2024/10/17 08:53:32,804 [INFO] ChekcStr - Start of binarise algorithm
2024/10/17 08:53:32,804 [INFO] ChekcStr - Start of binarise algorithm
2024/10/17 08:53:32,805 [INFO] ChekcStr - Start of binarise algorithm
2024/10/17 08:53:32,805 [INFO] ChekcStr - Start of binarise algorithm
2024/10/17 08:53:32,805 [INFO] ChekcStr - Start of binarise algorithm
2024/10/17 08:53:32,805 [INFO] ChekcStr - Start of binarise algorithm
2024/10/17 08:53:32,805 [INFO] ChekcStr - Returns empty
2024/10/17 08:53:32,805 [INFO] ChekcStr - Substring result: 1
2024/10/17 08:53:32,805 [INFO] ChekcStr - Substring result: 11
2024/10/17 08:53:32,806 [INFO] ChekcStr - Substring result: 111
2024/10/17 08:53:32,806 [INFO] ChekcStr - Substring result: 0111
2024/10/17 08:53:32,806 [INFO] ChekcStr - End of binarise algorithm
2024/10/17 08:53:32,806 [INFO] ChekcStr - Substring result: 00111
2024/10/17 08:53:32,806 [INFO] ChekcStr - End of binarise algorithm
2024/10/17 08:53:32,806 [INFO] ChekcStr - Substring result: 100111
2024/10/17 08:53:32,806 [INFO] ChekcStr - Result Value: 100111
2024/10/17 08:53:32,806 [INFO] ChekcStr - End of conversion
2024/10/17 08:53:32,811 [INFO] ChekcStr - Object created.
2024/10/17 08:53:32,811 [INFO] ChekcStr - Start of conversion
2024/10/17 08:53:32,811 [INFO] ChekcStr - Start of total length of binary numbers from string
2024/10/17 08:53:32,811 [INFO] ChekcStr - Start of total length of binary numbers from string
2024/10/17 08:53:32,812 [INFO] ChekcStr - Returns the character as a number
2024/10/17 08:53:32,812 [INFO] ChekcStr - Method Result: 97
2024/10/17 08:53:32,812 [INFO] ChekcStr - End of total length of binary numbers from string
2024/10/17 08:53:32,812 [INFO] ChekcStr - Start of binarise algorithm
2024/10/17 08:53:32,812 [INFO] ChekcStr - Start of binarise algorithm
2024/10/17 08:53:32,812 [INFO] ChekcStr - Start of binarise algorithm
2024/10/17 08:53:32,812 [INFO] ChekcStr - Start of binarise algorithm
2024/10/17 08:53:32,812 [INFO] ChekcStr - Start of binarise algorithm
2024/10/17 08:53:32,812 [INFO] ChekcStr - Start of binarise algorithm
2024/10/17 08:53:32,812 [INFO] ChekcStr - Start of binarise algorithm
2024/10/17 08:53:32,812 [INFO] ChekcStr - Start of binarise algorithm
2024/10/17 08:53:32,813 [INFO] ChekcStr - Returns empty
2024/10/17 08:53:32,813 [INFO] ChekcStr - Substring result: 1
2024/10/17 08:53:32,813 [INFO] ChekcStr - Substring result: 11
2024/10/17 08:53:32,813 [INFO] ChekcStr - Substring result: 011
2024/10/17 08:53:32,813 [INFO] ChekcStr - End of binarise algorithm
2024/10/17 08:53:32,813 [INFO] ChekcStr - Substring result: 0011
2024/10/17 08:53:32,813 [INFO] ChekcStr - End of binarise algorithm
2024/10/17 08:53:32,814 [INFO] ChekcStr - Substring result: 00011
2024/10/17 08:53:32,814 [INFO] ChekcStr - End of binarise algorithm
2024/10/17 08:53:32,814 [INFO] ChekcStr - Substring result: 000011
2024/10/17 08:53:32,814 [INFO] ChekcStr - End of binarise algorithm
2024/10/17 08:53:32,814 [INFO] ChekcStr - Substring result: 1000011
2024/10/17 08:53:32,814 [INFO] ChekcStr - Result Value: 1000011
2024/10/17 08:53:32,814 [INFO] ChekcStr - End of conversion
2024/10/17 08:53:32,817 [INFO] ChekcStr - Object created.
2024/10/17 08:53:32,818 [INFO] ChekcStr - Start of total length of binary numbers from string
2024/10/17 08:53:32,818 [INFO] ChekcStr - Returns 0
2024/10/17 08:53:32,822 [INFO] ChekcStr - Object created.
2024/10/17 08:53:32,822 [INFO] ChekcStr - Start of total length of binary numbers from string
2024/10/17 08:53:32,827 [INFO] ChekcStr - Object created.
2024/10/17 08:53:32,828 [INFO] ChekcStr - Start of total length of binary numbers from string
2024/10/17 08:53:32,829 [INFO] ChekcStr - Start of total length of binary numbers from string
2024/10/17 08:53:32,829 [INFO] ChekcStr - Start of total length of binary numbers from string
2024/10/17 08:53:32,829 [INFO] ChekcStr - Start of total length of binary numbers from string
2024/10/17 08:53:32,829 [INFO] ChekcStr - Start of total length of binary numbers from string
2024/10/17 08:53:32,830 [INFO] ChekcStr - Start of total length of binary numbers from string
2024/10/17 08:53:32,830 [INFO] ChekcStr - Start of total length of binary numbers from string
2024/10/17 08:53:32,830 [INFO] ChekcStr - Start of total length of binary numbers from string
2024/10/17 08:53:32,830 [INFO] ChekcStr - Start of total length of binary numbers from string
2024/10/17 08:53:32,830 [INFO] ChekcStr - Start of total length of binary numbers from string
2024/10/17 08:53:32,830 [INFO] ChekcStr - Returns the character as a number
2024/10/17 08:53:32,830 [INFO] ChekcStr - Method Result: 59
2024/10/17 08:53:32,831 [INFO] ChekcStr - End of total length of binary numbers from string
2024/10/17 08:53:32,831 [INFO] ChekcStr - Method Result: 108
2024/10/17 08:53:32,831 [INFO] ChekcStr - End of total length of binary numbers from string
2024/10/17 08:53:32,831 [INFO] ChekcStr - Method Result: 157
2024/10/17 08:53:32,831 [INFO] ChekcStr - End of total length of binary numbers from string
2024/10/17 08:53:32,831 [INFO] ChekcStr - Method Result: 206
2024/10/17 08:53:32,831 [INFO] ChekcStr - End of total length of binary numbers from string
2024/10/17 08:53:32,831 [INFO] ChekcStr - Method Result: 254
2024/10/17 08:53:32,831 [INFO] ChekcStr - End of total length of binary numbers from string
2024/10/17 08:53:32,831 [INFO] ChekcStr - Method Result: 302
2024/10/17 08:53:32,831 [INFO] ChekcStr - End of total length of binary numbers from string
2024/10/17 08:53:32,831 [INFO] ChekcStr - Method Result: 350
2024/10/17 08:53:32,831 [INFO] ChekcStr - End of total length of binary numbers from string
2024/10/17 08:53:32,831 [INFO] ChekcStr - Method Result: 399
2024/10/17 08:53:32,831 [INFO] ChekcStr - End of total length of binary numbers from string
2024/10/17 08:53:32,831 [INFO] ChekcStr - Method Result: 409
2024/10/17 08:53:32,831 [INFO] ChekcStr - End of total length of binary numbers from string
2024/10/17 08:53:32,835 [INFO] ChekcStr - Object created.
2024/10/17 08:53:32,835 [INFO] ChekcStr - Start of total length of binary numbers from string
2024/10/17 08:53:32,835 [INFO] ChekcStr - Returns the character as a number
2024/10/17 08:53:32,838 [INFO] ChekcStr - Object created.
2024/10/17 08:53:32,838 [INFO] ChekcStr - Start of total length of binary numbers from string
2024/10/17 08:53:32,838 [INFO] ChekcStr - Returns the character as a number
2024/10/17 08:53:32,840 [INFO] ChekcStr - Object created.
2024/10/17 08:53:32,840 [INFO] ChekcStr - Start of total length of binary numbers from string
2024/10/17 08:53:32,840 [INFO] ChekcStr - Returns the character as a number
2024/10/17 08:53:32,843 [INFO] ChekcStr - Object created.
2024/10/17 08:53:32,844 [INFO] ChekcStr - Start of total length of binary numbers from string
2024/10/17 08:53:32,844 [INFO] ChekcStr - Returns the character as a number
2024/10/17 08:53:32,846 [INFO] ChekcStr - Object created.
2024/10/17 08:53:32,846 [INFO] ChekcStr - Start of total length of binary numbers from string
2024/10/17 08:53:32,846 [INFO] ChekcStr - Returns the character as a number
2024/10/17 08:53:32,848 [INFO] ChekcStr - Object created.
2024/10/17 08:53:32,848 [INFO] ChekcStr - Start of total length of binary numbers from string
2024/10/17 08:53:32,848 [INFO] ChekcStr - Returns the character as a number
2024/10/17 08:53:32,851 [INFO] ChekcStr - Object created.
2024/10/17 08:53:32,851 [INFO] ChekcStr - Start of total length of binary numbers from string
2024/10/17 08:53:32,851 [INFO] ChekcStr - Returns the character as a number
2024/10/17 08:53:32,854 [INFO] ChekcStr - Object created.
2024/10/17 08:53:32,855 [INFO] ChekcStr - Start of total length of binary numbers from string
2024/10/17 08:53:32,855 [INFO] ChekcStr - Returns the character as a number
2024/10/17 08:53:32,857 [INFO] ChekcStr - Object created.
2024/10/17 08:53:32,858 [INFO] ChekcStr - Start of total length of binary numbers from string
2024/10/17 08:53:32,858 [INFO] ChekcStr - Returns the character as a number
2024/10/17 08:53:32,859 [INFO] ChekcStr - Object created.
2024/10/17 08:53:32,860 [INFO] ChekcStr - Start of total length of binary numbers from string
2024/10/17 08:53:32,860 [INFO] ChekcStr - Start of total length of binary numbers from string
2024/10/17 08:53:32,860 [INFO] ChekcStr - Returns the character as a number
2024/10/17 08:53:32,860 [INFO] ChekcStr - Method Result: 97
2024/10/17 08:53:32,860 [INFO] ChekcStr - End of total length of binary numbers from string
