2024/10/17 08:53:32,655 [INFO] ChekcStr - End of binarise algorithm
2024/10/17 08:53:32,669 [INFO] ChekcStr - Object created.
2024/10/17 08:53:32,670 [INFO] ChekcStr - Start of binarise algorithm
2024/10/17 08:53:32,670 [INFO] ChekcStr - Start of binarise algorithm
2024/10/17 08:53:32,670 [INFO] ChekcStr - Start of binarise algorithm
2024/10/17 08:53:32,670 [INFO] ChekcStr - Start of binarise algorithm
2024/10/17 08:53:32,670 [INFO] ChekcStr - Returns empty
2024/10/17 08:53:32,670 [INFO] ChekcStr - Substring result: 1
2024/10/17 08:53:32,670 [INFO] ChekcStr - Substring result: 11
2024/10/17 08:53:32,671 [INFO] ChekcStr - Substring result: 111
2024/10/17 08:53:32,676 [INFO] ChekcStr - Object created.
2024/10/17 08:53:32,677 [INFO] ChekcStr - Start of binarise algorithm
2024/10/17 08:53:32,678 [INFO] ChekcStr - Start of binarise algorithm
2024/10/17 08:53:32,678 [INFO] ChekcStr - Start of binarise algorithm
2024/10/17 08:53:32,678 [INFO] ChekcStr - Start of binarise algorithm
2024/10/17 08:53:32,678 [INFO] ChekcStr - Start of binarise algorithm
2024/10/17 08:53:32,679 [INFO] ChekcStr - Returns empty
2024/10/17 08:53:32,679 [INFO] ChekcStr - Substring result: 1
2024/10/17 08:53:32,679 [INFO] ChekcStr - Substring result: 01
2024/10/17 08:53:32,679 [INFO] ChekcStr - End of binarise algorithm
2024/10/17 08:53:32,679 [INFO] ChekcStr - Substring result: 001
2024/10/17 08:53:32,679 [INFO] ChekcStr - End of binarise algorithm
2024/10/17 08:53:32,680 [INFO] ChekcStr - Substring result: 0001
2024/10/17 08:53:32,680 [INFO] ChekcStr - End of binarise algorithm
2024/10/17 08:53:32,684 [INFO] ChekcStr - Object created.
2024/10/17 08:53:32,684 [INFO] ChekcStr - Start of binarise algorithm
2024/10/17 08:53:32,684 [INFO] ChekcStr - Start of binarise algorithm
2024/10/17 08:53:32,685 [INFO] ChekcStr - Start of binarise algorithm
2024/10/17 08:53:32,685 [INFO] ChekcStr - Start of binarise algorithm
2024/10/17 08:53:32,685 [INFO] ChekcStr - Start of binarise algorithm
2024/10/17 08:53:32,685 [INFO] ChekcStr - Returns empty
2024/10/17 08:53:32,685 [INFO] ChekcStr - Substring result: 1
2024/10/17 08:53:32,685 [INFO] ChekcStr - Substring result: 01
2024/10/17 08:53:32,686 [INFO] ChekcStr - End of binarise algorithm
2024/10/17 08:53:32,686 [INFO] ChekcStr - Substring result: 001
2024/10/17 08:53:32,686 [INFO] ChekcStr - End of binarise algorithm
2024/10/17 08:53:32,686 [INFO] ChekcStr - Substring result: 1001
2024/10/17 08:53:32,691 [INFO] ChekcStr - Object created.
2024/10/17 08:53:32,692 [INFO] ChekcStr - Start of binarise algorithm
2024/10/17 08:53:32,692 [INFO] ChekcStr - Start of binarise algorithm
2024/10/17 08:53:32,692 [INFO] ChekcStr - Start of binarise algorithm
2024/10/17 08:53:32,692 [INFO] ChekcStr - Start of binarise algorithm
2024/10/17 08:53:32,693 [INFO] ChekcStr - Start of binarise algorithm
2024/10/17 08:53:32,693 [INFO] ChekcStr - Returns empty
2024/10/17 08:53:32,693 [INFO] ChekcStr - Substring result: 1
2024/10/17 08:53:32,693 [INFO] ChekcStr - Substring result: 01
2024/10/17 08:53:32,693 [INFO] ChekcStr - End of binarise algorithm
2024/10/17 08:53:32,693 [INFO] ChekcStr - Substring result: 101
2024/10/17 08:53:32,694 [INFO] ChekcStr - Substring result: 0101
2024/10/17 08:53:32,694 [INFO] ChekcStr - End of binarise algorithm
2024/10/17 08:53:32,705 [INFO] ChekcStr - Object created.
2024/10/17 08:53:32,706 [INFO] ChekcStr - Start of conversion
2024/10/17 08:53:32,707 [INFO] ChekcStr - Start of total length of binary numbers from string
2024/10/17 08:53:32,707 [INFO] ChekcStr - Returns 0
2024/10/17 08:53:32,707 [INFO] ChekcStr - Start of binarise algorithm
2024/10/17 08:53:32,707 [INFO] ChekcStr - Returns empty
2024/10/17 08:53:32,707 [INFO] ChekcStr - Result Value: 
2024/10/17 08:53:32,707 [INFO] ChekcStr - End of conversion
2024/10/17 08:53:32,712 [INFO] ChekcStr - Object created.
2024/10/17 08:53:32,713 [INFO] ChekcStr - Start of conversion
2024/10/17 08:53:32,713 [INFO] ChekcStr - Start of total length of binary numbers from string
2024/10/17 08:53:32,721 [INFO] ChekcStr - Object created.
2024/10/17 08:53:32,723 [INFO] ChekcStr - Start of conversion
2024/10/17 08:53:32,723 [INFO] ChekcStr - Start of total length of binary numbers from string
2024/10/17 08:53:32,723 [INFO] ChekcStr - Start of total length of binary numbers from string
2024/10/17 08:53:32,723 [INFO] ChekcStr - Start of total length of binary numbers from string
2024/10/17 08:53:32,723 [INFO] ChekcStr - Start of total length of binary numbers from string
2024/10/17 08:53:32,724 [INFO] ChekcStr - Start of total length of binary numbers from string
2024/10/17 08:53:32,724 [INFO] ChekcStr - Start of total length of binary numbers from string
2024/10/17 08:53:32,724 [INFO] ChekcStr - Start of total length of binary numbers from string
2024/10/17 08:53:32,724 [INFO] ChekcStr - Start of total length of binary numbers from string
2024/10/17 08:53:32,724 [INFO] ChekcStr - Start of total length of binary numbers from string
2024/10/17 08:53:32,724 [INFO] ChekcStr - Start of total length of binary numbers from string
2024/10/17 08:53:32,724 [INFO] ChekcStr - Returns the character as a number
2024/10/17 08:53:32,724 [INFO] ChekcStr - Method Result: 59
2024/10/17 08:53:32,725 [INFO] ChekcStr - End of total length of binary numbers from string
2024/10/17 08:53:32,725 [INFO] ChekcStr - Method Result: 108
2024/10/17 08:53:32,725 [INFO] ChekcStr - End of total length of binary numbers from string
2024/10/17 08:53:32,725 [INFO] ChekcStr - Method Result: 157
2024/10/17 08:53:32,725 [INFO] ChekcStr - End of total length of binary numbers from string
2024/10/17 08:53:32,725 [INFO] ChekcStr - Method Result: 206
2024/10/17 08:53:32,725 [INFO] ChekcStr - End of total length of binary numbers from string
2024/10/17 08:53:32,726 [INFO] ChekcStr - Method Result: 254
2024/10/17 08:53:32,726 [INFO] ChekcStr - End of total length of binary numbers from string
2024/10/17 08:53:32,726 [INFO] ChekcStr - Method Result: 302
2024/10/17 08:53:32,726 [INFO] ChekcStr - End of total length of binary numbers from string
2024/10/17 08:53:32,726 [INFO] ChekcStr - Method Result: 350
2024/10/17 08:53:32,726 [INFO] ChekcStr - End of total length of binary numbers from string
2024/10/17 08:53:32,726 [INFO] ChekcStr - Method Result: 399
2024/10/17 08:53:32,726 [INFO] ChekcStr - End of total length of binary numbers from string
2024/10/17 08:53:32,727 [INFO] ChekcStr - Method Result: 409
2024/10/17 08:53:32,727 [INFO] ChekcStr - End of total length of binary numbers from string
2024/10/17 08:53:32,727 [INFO] ChekcStr - Start of binarise algorithm
2024/10/17 08:53:32,727 [INFO] ChekcStr - Start of binarise algorithm
2024/10/17 08:53:32,727 [INFO] ChekcStr - Start of binarise algorithm
2024/10/17 08:53:32,727 [INFO] ChekcStr - Start of binarise algorithm
2024/10/17 08:53:32,727 [INFO] ChekcStr - Start of binarise algorithm
2024/10/17 08:53:32,727 [INFO] ChekcStr - Start of binarise algorithm
2024/10/17 08:53:32,727 [INFO] ChekcStr - Start of binarise algorithm
2024/10/17 08:53:32,727 [INFO] ChekcStr - Start of binarise algorithm
2024/10/17 08:53:32,727 [INFO] ChekcStr - Start of binarise algorithm
2024/10/17 08:53:32,727 [INFO] ChekcStr - Start of binarise algorithm
2024/10/17 08:53:32,728 [INFO] ChekcStr - Returns empty
2024/10/17 08:53:32,728 [INFO] ChekcStr - Substring result: 1
2024/10/17 08:53:32,728 [INFO] ChekcStr - Substring result: 11
2024/10/17 08:53:32,728 [INFO] ChekcStr - Substring result: 011
2024/10/17 08:53:32,728 [INFO] ChekcStr - End of binarise algorithm
2024/10/17 08:53:32,728 [INFO] ChekcStr - Substring result: 0011
2024/10/17 08:53:32,728 [INFO] ChekcStr - End of binarise algorithm
2024/10/17 08:53:32,728 [INFO] ChekcStr - Substring result: 10011
2024/10/17 08:53:32,728 [INFO] ChekcStr - Substring result: 110011
2024/10/17 08:53:32,728 [INFO] ChekcStr - Substring result: 0110011
2024/10/17 08:53:32,728 [INFO] ChekcStr - End of binarise algorithm
2024/10/17 08:53:32,728 [INFO] ChekcStr - Substring result: 00110011
2024/10/17 08:53:32,728 [INFO] ChekcStr - End of binarise algorithm
2024/10/17 08:53:32,729 [INFO] ChekcStr - Substring result: 100110011
2024/10/17 08:53:32,729 [INFO] ChekcStr - Result Value: 100110011
2024/10/17 08:53:32,729 [INFO] ChekcStr - End of conversion
2024/10/17 08:53:32,732 [INFO] ChekcStr - Object created.
2024/10/17 08:53:32,734 [INFO] ChekcStr - Start of conversion
2024/10/17 08:53:32,734 [INFO] ChekcStr - Start of total length of binary numbers from string
2024/10/17 08:53:32,734 [INFO] ChekcStr - Returns the character as a number
2024/10/17 08:53:32,734 [INFO] ChekcStr - Start of binarise algorithm
2024/10/17 08:53:32,735 [INFO] ChekcStr - Start of binarise algorithm
2024/10/17 08:53:32,735 [INFO] ChekcStr - Start of binarise algorithm
2024/10/17 08:53:32,735 [INFO] ChekcStr - Start of binarise algorithm
2024/10/17 08:53:32,735 [INFO] ChekcStr - Start of binarise algorithm
2024/10/17 08:53:32,735 [INFO] ChekcStr - Start of binarise algorithm
2024/10/17 08:53:32,735 [INFO] ChekcStr - Start of binarise algorithm
2024/10/17 08:53:32,735 [INFO] ChekcStr - Returns empty
2024/10/17 08:53:32,736 [INFO] ChekcStr - Substring result: 1
2024/10/17 08:53:32,736 [INFO] ChekcStr - Substring result: 11
2024/10/17 08:53:32,736 [INFO] ChekcStr - Substring result: 011
2024/10/17 08:53:32,736 [INFO] ChekcStr - End of binarise algorithm
2024/10/17 08:53:32,736 [INFO] ChekcStr - Substring result: 0011
2024/10/17 08:53:32,736 [INFO] ChekcStr - End of binarise algorithm
2024/10/17 08:53:32,736 [INFO] ChekcStr - Substring result: 00011
2024/10/17 08:53:32,736 [INFO] ChekcStr - End of binarise algorithm
2024/10/17 08:53:32,736 [INFO] ChekcStr - Substring result: 100011
2024/10/17 08:53:32,736 [INFO] ChekcStr - Result Value: 100011
2024/10/17 08:53:32,736 [INFO] ChekcStr - End of conversion
2024/10/17 08:53:32,739 [INFO] ChekcStr - Object created.
2024/10/17 08:53:32,740 [INFO] ChekcStr - Start of conversion
2024/10/17 08:53:32,740 [INFO] ChekcStr - Start of total length of binary numbers from string
2024/10/17 08:53:32,740 [INFO] ChekcStr - Returns the character as a number
