2024/10/17 09:48:06,876 [INFO] ChekcStr - End of binarise algorithm
2024/10/17 09:48:06,880 [INFO] ChekcStr - Substring result: 001
2024/10/17 09:48:06,880 [INFO] ChekcStr - End of binarise algorithm
2024/10/17 09:48:06,881 [INFO] ChekcStr - Substring result: 0001
2024/10/17 09:48:06,881 [INFO] ChekcStr - End of binarise algorithm
2024/10/17 09:48:06,885 [INFO] ChekcStr - Object created.
2024/10/17 09:48:06,886 [INFO] ChekcStr - Start of binarise algorithm
2024/10/17 09:48:06,886 [INFO] ChekcStr - Start of binarise algorithm
2024/10/17 09:48:06,886 [INFO] ChekcStr - Start of binarise algorithm
2024/10/17 09:48:06,886 [INFO] ChekcStr - Start of binarise algorithm
2024/10/17 09:48:06,886 [INFO] ChekcStr - Start of binarise algorithm
2024/10/17 09:48:06,887 [INFO] ChekcStr - Returns empty
2024/10/17 09:48:06,887 [INFO] ChekcStr - Substring result: 1
2024/10/17 09:48:06,887 [INFO] ChekcStr - Substring result: 01
2024/10/17 09:48:06,887 [INFO] ChekcStr - End of binarise algorithm
2024/10/17 09:48:06,887 [INFO] ChekcStr - Substring result: 001
2024/10/17 09:48:06,888 [INFO] ChekcStr - End of binarise algorithm
2024/10/17 09:48:06,888 [INFO] ChekcStr - Substring result: 1001
2024/10/17 09:48:06,890 [INFO] ChekcStr - Object created.
2024/10/17 09:48:06,891 [INFO] ChekcStr - Start of binarise algorithm
2024/10/17 09:48:06,891 [INFO] ChekcStr - Start of binarise algorithm
2024/10/17 09:48:06,891 [INFO] ChekcStr - Start of binarise algorithm
2024/10/17 09:48:06,891 [INFO] ChekcStr - Start of binarise algorithm
2024/10/17 09:48:06,891 [INFO] ChekcStr - Start of binarise algorithm
2024/10/17 09:48:06,891 [INFO] ChekcStr - Returns empty
2024/10/17 09:48:06,891 [INFO] ChekcStr - Substring result: 1
2024/10/17 09:48:06,891 [INFO] ChekcStr - Substring result: 01
2024/10/17 09:48:06,891 [INFO] ChekcStr - End of binarise algorithm
2024/10/17 09:48:06,891 [INFO] ChekcStr - Substring result: 101
2024/10/17 09:48:06,891 [INFO] ChekcStr - Substring result: 0101
2024/10/17 09:48:06,891 [INFO] ChekcStr - End of binarise algorithm
2024/10/17 09:48:06,900 [INFO] ChekcStr - Object created.
2024/10/17 09:48:06,901 [INFO] ChekcStr - Start of conversion
2024/10/17 09:48:06,902 [INFO] ChekcStr - Start of total length of binary numbers from string
2024/10/17 09:48:06,902 [INFO] ChekcStr - Returns 0
2024/10/17 09:48:06,902 [INFO] ChekcStr - Start of binarise algorithm
2024/10/17 09:48:06,902 [INFO] ChekcStr - Returns empty
2024/10/17 09:48:06,902 [INFO] ChekcStr - Result Value: 
2024/10/17 09:48:06,902 [INFO] ChekcStr - End of conversion
2024/10/17 09:48:06,907 [INFO] ChekcStr - Object created.
2024/10/17 09:48:06,907 [INFO] ChekcStr - Start of conversion
2024/10/17 09:48:06,908 [INFO] ChekcStr - Start of total length of binary numbers from string
2024/10/17 09:48:06,913 [INFO] ChekcStr - Object created.
2024/10/17 09:48:06,914 [INFO] ChekcStr - Start of conversion
2024/10/17 09:48:06,914 [INFO] ChekcStr - Start of total length of binary numbers from string
2024/10/17 09:48:06,914 [INFO] ChekcStr - Start of total length of binary numbers from string
2024/10/17 09:48:06,914 [INFO] ChekcStr - Start of total length of binary numbers from string
2024/10/17 09:48:06,914 [INFO] ChekcStr - Start of total length of binary numbers from string
2024/10/17 09:48:06,914 [INFO] ChekcStr - Start of total length of binary numbers from string
2024/10/17 09:48:06,914 [INFO] ChekcStr - Start of total length of binary numbers from string
2024/10/17 09:48:06,915 [INFO] ChekcStr - Start of total length of binary numbers from string
2024/10/17 09:48:06,915 [INFO] ChekcStr - Start of total length of binary numbers from string
2024/10/17 09:48:06,915 [INFO] ChekcStr - Start of total length of binary numbers from string
2024/10/17 09:48:06,915 [INFO] ChekcStr - Start of total length of binary numbers from string
2024/10/17 09:48:06,915 [INFO] ChekcStr - Returns the character as a number
2024/10/17 09:48:06,915 [INFO] ChekcStr - Method Result: 59
2024/10/17 09:48:06,915 [INFO] ChekcStr - End of total length of binary numbers from string
2024/10/17 09:48:06,915 [INFO] ChekcStr - Method Result: 108
2024/10/17 09:48:06,915 [INFO] ChekcStr - End of total length of binary numbers from string
2024/10/17 09:48:06,915 [INFO] ChekcStr - Method Result: 157
2024/10/17 09:48:06,915 [INFO] ChekcStr - End of total length of binary numbers from string
2024/10/17 09:48:06,915 [INFO] ChekcStr - Method Result: 206
2024/10/17 09:48:06,915 [INFO] ChekcStr - End of total length of binary numbers from string
2024/10/17 09:48:06,915 [INFO] ChekcStr - Method Result: 254
2024/10/17 09:48:06,915 [INFO] ChekcStr - End of total length of binary numbers from string
2024/10/17 09:48:06,915 [INFO] ChekcStr - Method Result: 302
2024/10/17 09:48:06,916 [INFO] ChekcStr - End of total length of binary numbers from string
2024/10/17 09:48:06,916 [INFO] ChekcStr - Method Result: 350
2024/10/17 09:48:06,916 [INFO] ChekcStr - End of total length of binary numbers from string
2024/10/17 09:48:06,916 [INFO] ChekcStr - Method Result: 399
2024/10/17 09:48:06,916 [INFO] ChekcStr - End of total length of binary numbers from string
2024/10/17 09:48:06,916 [INFO] ChekcStr - Method Result: 409
2024/10/17 09:48:06,916 [INFO] ChekcStr - End of total length of binary numbers from string
2024/10/17 09:48:06,916 [INFO] ChekcStr - Start of binarise algorithm
2024/10/17 09:48:06,916 [INFO] ChekcStr - Start of binarise algorithm
2024/10/17 09:48:06,916 [INFO] ChekcStr - Start of binarise algorithm
2024/10/17 09:48:06,916 [INFO] ChekcStr - Start of binarise algorithm
2024/10/17 09:48:06,916 [INFO] ChekcStr - Start of binarise algorithm
2024/10/17 09:48:06,916 [INFO] ChekcStr - Start of binarise algorithm
2024/10/17 09:48:06,916 [INFO] ChekcStr - Start of binarise algorithm
2024/10/17 09:48:06,916 [INFO] ChekcStr - Start of binarise algorithm
2024/10/17 09:48:06,916 [INFO] ChekcStr - Start of binarise algorithm
2024/10/17 09:48:06,916 [INFO] ChekcStr - Start of binarise algorithm
2024/10/17 09:48:06,916 [INFO] ChekcStr - Returns empty
2024/10/17 09:48:06,917 [INFO] ChekcStr - Substring result: 1
2024/10/17 09:48:06,917 [INFO] ChekcStr - Substring result: 11
2024/10/17 09:48:06,917 [INFO] ChekcStr - Substring result: 011
2024/10/17 09:48:06,917 [INFO] ChekcStr - End of binarise algorithm
2024/10/17 09:48:06,917 [INFO] ChekcStr - Substring result: 0011
2024/10/17 09:48:06,917 [INFO] ChekcStr - End of binarise algorithm
2024/10/17 09:48:06,917 [INFO] ChekcStr - Substring result: 10011
2024/10/17 09:48:06,917 [INFO] ChekcStr - Substring result: 110011
2024/10/17 09:48:06,917 [INFO] ChekcStr - Substring result: 0110011
2024/10/17 09:48:06,917 [INFO] ChekcStr - End of binarise algorithm
2024/10/17 09:48:06,917 [INFO] ChekcStr - Substring result: 00110011
2024/10/17 09:48:06,917 [INFO] ChekcStr - End of binarise algorithm
2024/10/17 09:48:06,917 [INFO] ChekcStr - Substring result: 100110011
2024/10/17 09:48:06,917 [INFO] ChekcStr - Result Value: 100110011
2024/10/17 09:48:06,917 [INFO] ChekcStr - End of conversion
2024/10/17 09:48:06,922 [INFO] ChekcStr - Object created.
2024/10/17 09:48:06,923 [INFO] ChekcStr - Start of conversion
2024/10/17 09:48:06,923 [INFO] ChekcStr - Start of total length of binary numbers from string
2024/10/17 09:48:06,923 [INFO] ChekcStr - Returns the character as a number
2024/10/17 09:48:06,923 [INFO] ChekcStr - Start of binarise algorithm
2024/10/17 09:48:06,923 [INFO] ChekcStr - Start of binarise algorithm
2024/10/17 09:48:06,923 [INFO] ChekcStr - Start of binarise algorithm
2024/10/17 09:48:06,924 [INFO] ChekcStr - Start of binarise algorithm
2024/10/17 09:48:06,924 [INFO] ChekcStr - Start of binarise algorithm
2024/10/17 09:48:06,924 [INFO] ChekcStr - Start of binarise algorithm
2024/10/17 09:48:06,924 [INFO] ChekcStr - Start of binarise algorithm
2024/10/17 09:48:06,924 [INFO] ChekcStr - Returns empty
2024/10/17 09:48:06,924 [INFO] ChekcStr - Substring result: 1
2024/10/17 09:48:06,924 [INFO] ChekcStr - Substring result: 11
2024/10/17 09:48:06,924 [INFO] ChekcStr - Substring result: 011
2024/10/17 09:48:06,924 [INFO] ChekcStr - End of binarise algorithm
2024/10/17 09:48:06,924 [INFO] ChekcStr - Substring result: 0011
2024/10/17 09:48:06,924 [INFO] ChekcStr - End of binarise algorithm
2024/10/17 09:48:06,924 [INFO] ChekcStr - Substring result: 00011
2024/10/17 09:48:06,924 [INFO] ChekcStr - End of binarise algorithm
2024/10/17 09:48:06,925 [INFO] ChekcStr - Substring result: 100011
2024/10/17 09:48:06,925 [INFO] ChekcStr - Result Value: 100011
2024/10/17 09:48:06,925 [INFO] ChekcStr - End of conversion
2024/10/17 09:48:06,929 [INFO] ChekcStr - Object created.
2024/10/17 09:48:06,930 [INFO] ChekcStr - Start of conversion
2024/10/17 09:48:06,930 [INFO] ChekcStr - Start of total length of binary numbers from string
2024/10/17 09:48:06,930 [INFO] ChekcStr - Returns the character as a number
2024/10/17 09:48:06,930 [INFO] ChekcStr - Start of binarise algorithm
2024/10/17 09:48:06,930 [INFO] ChekcStr - Start of binarise algorithm
2024/10/17 09:48:06,930 [INFO] ChekcStr - Start of binarise algorithm
2024/10/17 09:48:06,930 [INFO] ChekcStr - Start of binarise algorithm
2024/10/17 09:48:06,930 [INFO] ChekcStr - Start of binarise algorithm
2024/10/17 09:48:06,930 [INFO] ChekcStr - Start of binarise algorithm
2024/10/17 09:48:06,931 [INFO] ChekcStr - Start of binarise algorithm
2024/10/17 09:48:06,931 [INFO] ChekcStr - Returns empty
2024/10/17 09:48:06,931 [INFO] ChekcStr - Substring result: 1
2024/10/17 09:48:06,931 [INFO] ChekcStr - Substring result: 11
2024/10/17 09:48:06,931 [INFO] ChekcStr - Substring result: 011
2024/10/17 09:48:06,931 [INFO] ChekcStr - End of binarise algorithm
2024/10/17 09:48:06,931 [INFO] ChekcStr - Substring result: 0011
2024/10/17 09:48:06,931 [INFO] ChekcStr - End of binarise algorithm
2024/10/17 09:48:06,931 [INFO] ChekcStr - Substring result: 10011
2024/10/17 09:48:06,932 [INFO] ChekcStr - Substring result: 010011
2024/10/17 09:48:06,932 [INFO] ChekcStr - End of binarise algorithm
2024/10/17 09:48:06,932 [INFO] ChekcStr - Result Value: 010011
2024/10/17 09:48:06,932 [INFO] ChekcStr - End of conversion
