2024/10/17 09:48:06,936 [INFO] ChekcStr - Object created.
2024/10/17 09:48:06,940 [INFO] ChekcStr - Start of conversion
2024/10/17 09:48:06,940 [INFO] ChekcStr - Start of total length of binary numbers from string
2024/10/17 09:48:06,940 [INFO] ChekcStr - Returns the character as a number
2024/10/17 09:48:06,940 [INFO] ChekcStr - Start of binarise algorithm
2024/10/17 09:48:06,940 [INFO] ChekcStr - Start of binarise algorithm
2024/10/17 09:48:06,941 [INFO] ChekcStr - Start of binarise algorithm
2024/10/17 09:48:06,941 [INFO] ChekcStr - Start of binarise algorithm
2024/10/17 09:48:06,941 [INFO] ChekcStr - Start of binarise algorithm
2024/10/17 09:48:06,941 [INFO] ChekcStr - Start of binarise algorithm
2024/10/17 09:48:06,941 [INFO] ChekcStr - Start of binarise algorithm
2024/10/17 09:48:06,942 [INFO] ChekcStr - Returns empty
2024/10/17 09:48:06,942 [INFO] ChekcStr - Substring result: 1
2024/10/17 09:48:06,942 [INFO] ChekcStr - Substring result: 11
2024/10/17 09:48:06,943 [INFO] ChekcStr - Substring result: 011
2024/10/17 09:48:06,943 [INFO] ChekcStr - End of binarise algorithm
2024/10/17 09:48:06,943 [INFO] ChekcStr - Substring result: 0011
2024/10/17 09:48:06,943 [INFO] ChekcStr - End of binarise algorithm
2024/10/17 09:48:06,943 [INFO] ChekcStr - Substring result: 10011
2024/10/17 09:48:06,943 [INFO] ChekcStr - Substring result: 110011
2024/10/17 09:48:06,943 [INFO] ChekcStr - Result Value: 110011
2024/10/17 09:48:06,943 [INFO] ChekcStr - End of conversion
2024/10/17 09:48:06,948 [INFO] ChekcStr - Object created.
2024/10/17 09:48:06,949 [INFO] ChekcStr - Start of conversion
2024/10/17 09:48:06,949 [INFO] ChekcStr - Start of total length of binary numbers from string
2024/10/17 09:48:06,949 [INFO] ChekcStr - Returns the character as a number
2024/10/17 09:48:06,949 [INFO] ChekcStr - Start of binarise algorithm
2024/10/17 09:48:06,949 [INFO] ChekcStr - Start of binarise algorithm
2024/10/17 09:48:06,949 [INFO] ChekcStr - Start of binarise algorithm
2024/10/17 09:48:06,949 [INFO] ChekcStr - Start of binarise algorithm
2024/10/17 09:48:06,949 [INFO] ChekcStr - Start of binarise algorithm
2024/10/17 09:48:06,949 [INFO] ChekcStr - Start of binarise algorithm
2024/10/17 09:48:06,949 [INFO] ChekcStr - Start of binarise algorithm
2024/10/17 09:48:06,949 [INFO] ChekcStr - Returns empty
2024/10/17 09:48:06,949 [INFO] ChekcStr - Substring result: 1
2024/10/17 09:48:06,949 [INFO] ChekcStr - Substring result: 11
2024/10/17 09:48:06,950 [INFO] ChekcStr - Substring result: 011
2024/10/17 09:48:06,950 [INFO] ChekcStr - End of binarise algorithm
2024/10/17 09:48:06,950 [INFO] ChekcStr - Substring result: 1011
2024/10/17 09:48:06,950 [INFO] ChekcStr - Substring result: 01011
2024/10/17 09:48:06,950 [INFO] ChekcStr - End of binarise algorithm
2024/10/17 09:48:06,950 [INFO] ChekcStr - Substring result: 001011
2024/10/17 09:48:06,950 [INFO] ChekcStr - End of binarise algorithm
2024/10/17 09:48:06,950 [INFO] ChekcStr - Result Value: 001011
2024/10/17 09:48:06,950 [INFO] ChekcStr - End of conversion
2024/10/17 09:48:06,954 [INFO] ChekcStr - Object created.
2024/10/17 09:48:06,954 [INFO] ChekcStr - Start of conversion
2024/10/17 09:48:06,955 [INFO] ChekcStr - Start of total length of binary numbers from string
2024/10/17 09:48:06,955 [INFO] ChekcStr - Returns the character as a number
2024/10/17 09:48:06,955 [INFO] ChekcStr - Start of binarise algorithm
2024/10/17 09:48:06,955 [INFO] ChekcStr - Start of binarise algorithm
2024/10/17 09:48:06,955 [INFO] ChekcStr - Start of binarise algorithm
2024/10/17 09:48:06,955 [INFO] ChekcStr - Start of binarise algorithm
2024/10/17 09:48:06,955 [INFO] ChekcStr - Start of binarise algorithm
2024/10/17 09:48:06,955 [INFO] ChekcStr - Start of binarise algorithm
2024/10/17 09:48:06,955 [INFO] ChekcStr - Start of binarise algorithm
2024/10/17 09:48:06,955 [INFO] ChekcStr - Returns empty
2024/10/17 09:48:06,956 [INFO] ChekcStr - Substring result: 1
2024/10/17 09:48:06,956 [INFO] ChekcStr - Substring result: 11
2024/10/17 09:48:06,956 [INFO] ChekcStr - Substring result: 011
2024/10/17 09:48:06,956 [INFO] ChekcStr - End of binarise algorithm
2024/10/17 09:48:06,956 [INFO] ChekcStr - Substring result: 1011
2024/10/17 09:48:06,956 [INFO] ChekcStr - Substring result: 01011
2024/10/17 09:48:06,956 [INFO] ChekcStr - End of binarise algorithm
2024/10/17 09:48:06,956 [INFO] ChekcStr - Substring result: 101011
2024/10/17 09:48:06,956 [INFO] ChekcStr - Result Value: 101011
2024/10/17 09:48:06,957 [INFO] ChekcStr - End of conversion
2024/10/17 09:48:06,961 [INFO] ChekcStr - Object created.
2024/10/17 09:48:06,961 [INFO] ChekcStr - Start of conversion
2024/10/17 09:48:06,962 [INFO] ChekcStr - Start of total length of binary numbers from string
2024/10/17 09:48:06,962 [INFO] ChekcStr - Returns the character as a number
2024/10/17 09:48:06,962 [INFO] ChekcStr - Start of binarise algorithm
2024/10/17 09:48:06,962 [INFO] ChekcStr - Start of binarise algorithm
2024/10/17 09:48:06,962 [INFO] ChekcStr - Start of binarise algorithm
2024/10/17 09:48:06,962 [INFO] ChekcStr - Start of binarise algorithm
2024/10/17 09:48:06,962 [INFO] ChekcStr - Start of binarise algorithm
2024/10/17 09:48:06,962 [INFO] ChekcStr - Start of binarise algorithm
2024/10/17 09:48:06,962 [INFO] ChekcStr - Start of binarise algorithm
2024/10/17 09:48:06,962 [INFO] ChekcStr - Returns empty
2024/10/17 09:48:06,962 [INFO] ChekcStr - Substring result: 1
2024/10/17 09:48:06,962 [INFO] ChekcStr - Substring result: 11
2024/10/17 09:48:06,963 [INFO] ChekcStr - Substring result: 011
2024/10/17 09:48:06,963 [INFO] ChekcStr - End of binarise algorithm
2024/10/17 09:48:06,963 [INFO] ChekcStr - Substring result: 1011
2024/10/17 09:48:06,963 [INFO] ChekcStr - Substring result: 11011
2024/10/17 09:48:06,963 [INFO] ChekcStr - Substring result: 011011
2024/10/17 09:48:06,963 [INFO] ChekcStr - End of binarise algorithm
2024/10/17 09:48:06,963 [INFO] ChekcStr - Result Value: 011011
2024/10/17 09:48:06,963 [INFO] ChekcStr - End of conversion
2024/10/17 09:48:06,967 [INFO] ChekcStr - Object created.
2024/10/17 09:48:06,968 [INFO] ChekcStr - Start of conversion
2024/10/17 09:48:06,968 [INFO] ChekcStr - Start of total length of binary numbers from string
2024/10/17 09:48:06,968 [INFO] ChekcStr - Returns the character as a number
2024/10/17 09:48:06,968 [INFO] ChekcStr - Start of binarise algorithm
2024/10/17 09:48:06,968 [INFO] ChekcStr - Start of binarise algorithm
2024/10/17 09:48:06,968 [INFO] ChekcStr - Start of binarise algorithm
2024/10/17 09:48:06,968 [INFO] ChekcStr - Start of binarise algorithm
2024/10/17 09:48:06,968 [INFO] ChekcStr - Start of binarise algorithm
2024/10/17 09:48:06,968 [INFO] ChekcStr - Start of binarise algorithm
2024/10/17 09:48:06,969 [INFO] ChekcStr - Start of binarise algorithm
2024/10/17 09:48:06,969 [INFO] ChekcStr - Returns empty
2024/10/17 09:48:06,969 [INFO] ChekcStr - Substring result: 1
2024/10/17 09:48:06,969 [INFO] ChekcStr - Substring result: 11
2024/10/17 09:48:06,969 [INFO] ChekcStr - Substring result: 011
2024/10/17 09:48:06,969 [INFO] ChekcStr - End of binarise algorithm
2024/10/17 09:48:06,969 [INFO] ChekcStr - Substring result: 1011
2024/10/17 09:48:06,969 [INFO] ChekcStr - Substring result: 11011
2024/10/17 09:48:06,969 [INFO] ChekcStr - Substring result: 111011
2024/10/17 09:48:06,969 [INFO] ChekcStr - Result Value: 111011
2024/10/17 09:48:06,969 [INFO] ChekcStr - End of conversion
2024/10/17 09:48:06,978 [INFO] ChekcStr - Object created.
2024/10/17 09:48:06,978 [INFO] ChekcStr - Start of conversion
2024/10/17 09:48:06,978 [INFO] ChekcStr - Start of total length of binary numbers from string
2024/10/17 09:48:06,979 [INFO] ChekcStr - Returns the character as a number
2024/10/17 09:48:06,979 [INFO] ChekcStr - Start of binarise algorithm
2024/10/17 09:48:06,979 [INFO] ChekcStr - Start of binarise algorithm
2024/10/17 09:48:06,979 [INFO] ChekcStr - Start of binarise algorithm
2024/10/17 09:48:06,979 [INFO] ChekcStr - Start of binarise algorithm
2024/10/17 09:48:06,979 [INFO] ChekcStr - Start of binarise algorithm
2024/10/17 09:48:06,979 [INFO] ChekcStr - Start of binarise algorithm
2024/10/17 09:48:06,979 [INFO] ChekcStr - Start of binarise algorithm
2024/10/17 09:48:06,979 [INFO] ChekcStr - Returns empty
2024/10/17 09:48:06,979 [INFO] ChekcStr - Substring result: 1
2024/10/17 09:48:06,980 [INFO] ChekcStr - Substring result: 11
2024/10/17 09:48:06,980 [INFO] ChekcStr - Substring result: 111
2024/10/17 09:48:06,980 [INFO] ChekcStr - Substring result: 0111
2024/10/17 09:48:06,980 [INFO] ChekcStr - End of binarise algorithm
2024/10/17 09:48:06,980 [INFO] ChekcStr - Substring result: 00111
2024/10/17 09:48:06,980 [INFO] ChekcStr - End of binarise algorithm
2024/10/17 09:48:06,980 [INFO] ChekcStr - Substring result: 000111
2024/10/17 09:48:06,980 [INFO] ChekcStr - End of binarise algorithm
2024/10/17 09:48:06,980 [INFO] ChekcStr - Result Value: 000111
2024/10/17 09:48:06,980 [INFO] ChekcStr - End of conversion
2024/10/17 09:48:06,984 [INFO] ChekcStr - Object created.
2024/10/17 09:48:06,984 [INFO] ChekcStr - Start of conversion
2024/10/17 09:48:06,984 [INFO] ChekcStr - Start of total length of binary numbers from string
2024/10/17 09:48:06,984 [INFO] ChekcStr - Returns the character as a number
2024/10/17 09:48:06,984 [INFO] ChekcStr - Start of binarise algorithm
2024/10/17 09:48:06,984 [INFO] ChekcStr - Start of binarise algorithm
2024/10/17 09:48:06,985 [INFO] ChekcStr - Start of binarise algorithm
2024/10/17 09:48:06,985 [INFO] ChekcStr - Start of binarise algorithm
2024/10/17 09:48:06,985 [INFO] ChekcStr - Start of binarise algorithm
2024/10/17 09:48:06,985 [INFO] ChekcStr - Start of binarise algorithm
2024/10/17 09:48:06,985 [INFO] ChekcStr - Start of binarise algorithm
2024/10/17 09:48:06,985 [INFO] ChekcStr - Returns empty
2024/10/17 09:48:06,985 [INFO] ChekcStr - Substring result: 1
2024/10/17 09:48:06,985 [INFO] ChekcStr - Substring result: 11
2024/10/17 09:48:06,985 [INFO] ChekcStr - Substring result: 111
2024/10/17 09:48:06,985 [INFO] ChekcStr - Substring result: 0111
2024/10/17 09:48:06,985 [INFO] ChekcStr - End of binarise algorithm
