2024/10/17 08:53:32,510 [INFO] ChekcStr - Object created.
2024/10/17 08:53:32,522 [INFO] ChekcStr - Start of binarise algorithm
2024/10/17 08:53:32,523 [INFO] ChekcStr - Start of binarise algorithm
2024/10/17 08:53:32,523 [INFO] ChekcStr - Start of binarise algorithm
2024/10/17 08:53:32,523 [INFO] ChekcStr - Start of binarise algorithm
2024/10/17 08:53:32,523 [INFO] ChekcStr - Start of binarise algorithm
2024/10/17 08:53:32,523 [INFO] ChekcStr - Start of binarise algorithm
2024/10/17 08:53:32,523 [INFO] ChekcStr - Start of binarise algorithm
2024/10/17 08:53:32,523 [INFO] ChekcStr - Start of binarise algorithm
2024/10/17 08:53:32,524 [INFO] ChekcStr - Returns empty
2024/10/17 08:53:32,532 [INFO] ChekcStr - Substring result: 1
2024/10/17 08:53:32,533 [INFO] ChekcStr - Substring result: 11
2024/10/17 08:53:32,533 [INFO] ChekcStr - Substring result: 011
2024/10/17 08:53:32,533 [INFO] ChekcStr - End of binarise algorithm
2024/10/17 08:53:32,533 [INFO] ChekcStr - Substring result: 0011
2024/10/17 08:53:32,534 [INFO] ChekcStr - End of binarise algorithm
2024/10/17 08:53:32,534 [INFO] ChekcStr - Substring result: 00011
2024/10/17 08:53:32,534 [INFO] ChekcStr - End of binarise algorithm
2024/10/17 08:53:32,534 [INFO] ChekcStr - Substring result: 000011
2024/10/17 08:53:32,535 [INFO] ChekcStr - End of binarise algorithm
2024/10/17 08:53:32,535 [INFO] ChekcStr - Substring result: 1000011
2024/10/17 08:53:32,578 [INFO] ChekcStr - Object created.
2024/10/17 08:53:32,578 [INFO] ChekcStr - Start of binarise algorithm
2024/10/17 08:53:32,579 [INFO] ChekcStr - Start of binarise algorithm
2024/10/17 08:53:32,579 [INFO] ChekcStr - Start of binarise algorithm
2024/10/17 08:53:32,579 [INFO] ChekcStr - Start of binarise algorithm
2024/10/17 08:53:32,579 [INFO] ChekcStr - Start of binarise algorithm
2024/10/17 08:53:32,579 [INFO] ChekcStr - Start of binarise algorithm
2024/10/17 08:53:32,579 [INFO] ChekcStr - Start of binarise algorithm
2024/10/17 08:53:32,579 [INFO] ChekcStr - Start of binarise algorithm
2024/10/17 08:53:32,579 [INFO] ChekcStr - Returns empty
2024/10/17 08:53:32,580 [INFO] ChekcStr - Substring result: 1
2024/10/17 08:53:32,580 [INFO] ChekcStr - Substring result: 11
2024/10/17 08:53:32,580 [INFO] ChekcStr - Substring result: 011
2024/10/17 08:53:32,580 [INFO] ChekcStr - End of binarise algorithm
2024/10/17 08:53:32,580 [INFO] ChekcStr - Substring result: 0011
2024/10/17 08:53:32,580 [INFO] ChekcStr - End of binarise algorithm
2024/10/17 08:53:32,580 [INFO] ChekcStr - Substring result: 00011
2024/10/17 08:53:32,580 [INFO] ChekcStr - End of binarise algorithm
2024/10/17 08:53:32,581 [INFO] ChekcStr - Substring result: 100011
2024/10/17 08:53:32,581 [INFO] ChekcStr - Substring result: 0100011
2024/10/17 08:53:32,581 [INFO] ChekcStr - End of binarise algorithm
2024/10/17 08:53:32,588 [INFO] ChekcStr - Object created.
2024/10/17 08:53:32,588 [INFO] ChekcStr - Start of binarise algorithm
2024/10/17 08:53:32,589 [INFO] ChekcStr - Start of binarise algorithm
2024/10/17 08:53:32,589 [INFO] ChekcStr - Start of binarise algorithm
2024/10/17 08:53:32,589 [INFO] ChekcStr - Start of binarise algorithm
2024/10/17 08:53:32,589 [INFO] ChekcStr - Start of binarise algorithm
2024/10/17 08:53:32,590 [INFO] ChekcStr - Start of binarise algorithm
2024/10/17 08:53:32,590 [INFO] ChekcStr - Start of binarise algorithm
2024/10/17 08:53:32,590 [INFO] ChekcStr - Start of binarise algorithm
2024/10/17 08:53:32,590 [INFO] ChekcStr - Returns empty
2024/10/17 08:53:32,590 [INFO] ChekcStr - Substring result: 1
2024/10/17 08:53:32,591 [INFO] ChekcStr - Substring result: 11
2024/10/17 08:53:32,591 [INFO] ChekcStr - Substring result: 011
2024/10/17 08:53:32,591 [INFO] ChekcStr - End of binarise algorithm
2024/10/17 08:53:32,591 [INFO] ChekcStr - Substring result: 0011
2024/10/17 08:53:32,591 [INFO] ChekcStr - End of binarise algorithm
2024/10/17 08:53:32,591 [INFO] ChekcStr - Substring result: 00011
2024/10/17 08:53:32,592 [INFO] ChekcStr - End of binarise algorithm
2024/10/17 08:53:32,592 [INFO] ChekcStr - Substring result: 100011
2024/10/17 08:53:32,592 [INFO] ChekcStr - Substring result: 1100011
2024/10/17 08:53:32,600 [INFO] ChekcStr - Object created.
2024/10/17 08:53:32,600 [INFO] ChekcStr - Start of binarise algorithm
2024/10/17 08:53:32,601 [INFO] ChekcStr - Start of binarise algorithm
2024/10/17 08:53:32,601 [INFO] ChekcStr - Start of binarise algorithm
2024/10/17 08:53:32,601 [INFO] ChekcStr - Start of binarise algorithm
2024/10/17 08:53:32,601 [INFO] ChekcStr - Start of binarise algorithm
2024/10/17 08:53:32,602 [INFO] ChekcStr - Start of binarise algorithm
2024/10/17 08:53:32,602 [INFO] ChekcStr - Start of binarise algorithm
2024/10/17 08:53:32,602 [INFO] ChekcStr - Start of binarise algorithm
2024/10/17 08:53:32,602 [INFO] ChekcStr - Returns empty
2024/10/17 08:53:32,602 [INFO] ChekcStr - Substring result: 1
2024/10/17 08:53:32,602 [INFO] ChekcStr - Substring result: 11
2024/10/17 08:53:32,603 [INFO] ChekcStr - Substring result: 011
2024/10/17 08:53:32,603 [INFO] ChekcStr - End of binarise algorithm
2024/10/17 08:53:32,603 [INFO] ChekcStr - Substring result: 0011
2024/10/17 08:53:32,603 [INFO] ChekcStr - End of binarise algorithm
2024/10/17 08:53:32,603 [INFO] ChekcStr - Substring result: 10011
2024/10/17 08:53:32,603 [INFO] ChekcStr - Substring result: 010011
2024/10/17 08:53:32,604 [INFO] ChekcStr - End of binarise algorithm
2024/10/17 08:53:32,604 [INFO] ChekcStr - Substring result: 0010011
2024/10/17 08:53:32,604 [INFO] ChekcStr - End of binarise algorithm
2024/10/17 08:53:32,607 [INFO] ChekcStr - Object created.
2024/10/17 08:53:32,608 [INFO] ChekcStr - Start of binarise algorithm
2024/10/17 08:53:32,608 [INFO] ChekcStr - Start of binarise algorithm
2024/10/17 08:53:32,608 [INFO] ChekcStr - Start of binarise algorithm
2024/10/17 08:53:32,608 [INFO] ChekcStr - Start of binarise algorithm
2024/10/17 08:53:32,608 [INFO] ChekcStr - Start of binarise algorithm
2024/10/17 08:53:32,608 [INFO] ChekcStr - Start of binarise algorithm
2024/10/17 08:53:32,608 [INFO] ChekcStr - Start of binarise algorithm
2024/10/17 08:53:32,608 [INFO] ChekcStr - Start of binarise algorithm
2024/10/17 08:53:32,608 [INFO] ChekcStr - Returns empty
2024/10/17 08:53:32,608 [INFO] ChekcStr - Substring result: 1
2024/10/17 08:53:32,608 [INFO] ChekcStr - Substring result: 11
2024/10/17 08:53:32,608 [INFO] ChekcStr - Substring result: 011
2024/10/17 08:53:32,608 [INFO] ChekcStr - End of binarise algorithm
2024/10/17 08:53:32,608 [INFO] ChekcStr - Substring result: 0011
2024/10/17 08:53:32,608 [INFO] ChekcStr - End of binarise algorithm
2024/10/17 08:53:32,608 [INFO] ChekcStr - Substring result: 10011
2024/10/17 08:53:32,609 [INFO] ChekcStr - Substring result: 010011
2024/10/17 08:53:32,609 [INFO] ChekcStr - End of binarise algorithm
2024/10/17 08:53:32,609 [INFO] ChekcStr - Substring result: 1010011
2024/10/17 08:53:32,618 [INFO] ChekcStr - Object created.
2024/10/17 08:53:32,619 [INFO] ChekcStr - Start of binarise algorithm
2024/10/17 08:53:32,620 [INFO] ChekcStr - Start of binarise algorithm
2024/10/17 08:53:32,620 [INFO] ChekcStr - Returns empty
2024/10/17 08:53:32,620 [INFO] ChekcStr - Substring result: 1
2024/10/17 08:53:32,626 [INFO] ChekcStr - Object created.
2024/10/17 08:53:32,627 [INFO] ChekcStr - Start of binarise algorithm
2024/10/17 08:53:32,627 [INFO] ChekcStr - Start of binarise algorithm
2024/10/17 08:53:32,628 [INFO] ChekcStr - Start of binarise algorithm
2024/10/17 08:53:32,628 [INFO] ChekcStr - Returns empty
2024/10/17 08:53:32,628 [INFO] ChekcStr - Substring result: 1
2024/10/17 08:53:32,628 [INFO] ChekcStr - Substring result: 01
2024/10/17 08:53:32,628 [INFO] ChekcStr - End of binarise algorithm
2024/10/17 08:53:32,634 [INFO] ChekcStr - Object created.
2024/10/17 08:53:32,635 [INFO] ChekcStr - Start of binarise algorithm
2024/10/17 08:53:32,635 [INFO] ChekcStr - Start of binarise algorithm
2024/10/17 08:53:32,635 [INFO] ChekcStr - Start of binarise algorithm
2024/10/17 08:53:32,635 [INFO] ChekcStr - Returns empty
2024/10/17 08:53:32,636 [INFO] ChekcStr - Substring result: 1
2024/10/17 08:53:32,636 [INFO] ChekcStr - Substring result: 11
2024/10/17 08:53:32,642 [INFO] ChekcStr - Object created.
2024/10/17 08:53:32,642 [INFO] ChekcStr - Start of binarise algorithm
2024/10/17 08:53:32,642 [INFO] ChekcStr - Start of binarise algorithm
2024/10/17 08:53:32,643 [INFO] ChekcStr - Start of binarise algorithm
2024/10/17 08:53:32,643 [INFO] ChekcStr - Start of binarise algorithm
2024/10/17 08:53:32,643 [INFO] ChekcStr - Returns empty
2024/10/17 08:53:32,644 [INFO] ChekcStr - Substring result: 1
2024/10/17 08:53:32,644 [INFO] ChekcStr - Substring result: 01
2024/10/17 08:53:32,644 [INFO] ChekcStr - End of binarise algorithm
2024/10/17 08:53:32,644 [INFO] ChekcStr - Substring result: 001
2024/10/17 08:53:32,644 [INFO] ChekcStr - End of binarise algorithm
2024/10/17 08:53:32,647 [INFO] ChekcStr - Object created.
2024/10/17 08:53:32,647 [INFO] ChekcStr - Start of binarise algorithm
2024/10/17 08:53:32,647 [INFO] ChekcStr - Start of binarise algorithm
2024/10/17 08:53:32,648 [INFO] ChekcStr - Start of binarise algorithm
2024/10/17 08:53:32,648 [INFO] ChekcStr - Start of binarise algorithm
2024/10/17 08:53:32,648 [INFO] ChekcStr - Returns empty
2024/10/17 08:53:32,648 [INFO] ChekcStr - Substring result: 1
2024/10/17 08:53:32,648 [INFO] ChekcStr - Substring result: 01
2024/10/17 08:53:32,648 [INFO] ChekcStr - End of binarise algorithm
2024/10/17 08:53:32,648 [INFO] ChekcStr - Substring result: 101
2024/10/17 08:53:32,653 [INFO] ChekcStr - Object created.
2024/10/17 08:53:32,654 [INFO] ChekcStr - Start of binarise algorithm
2024/10/17 08:53:32,654 [INFO] ChekcStr - Start of binarise algorithm
2024/10/17 08:53:32,654 [INFO] ChekcStr - Start of binarise algorithm
2024/10/17 08:53:32,654 [INFO] ChekcStr - Start of binarise algorithm
2024/10/17 08:53:32,655 [INFO] ChekcStr - Returns empty
2024/10/17 08:53:32,655 [INFO] ChekcStr - Substring result: 1
2024/10/17 08:53:32,655 [INFO] ChekcStr - Substring result: 11
2024/10/17 08:53:32,655 [INFO] ChekcStr - Substring result: 011
