2024/10/17 09:48:06,800 [INFO] ChekcStr - Substring result: 000011
2024/10/17 09:48:06,805 [INFO] ChekcStr - End of binarise algorithm
2024/10/17 09:48:06,805 [INFO] ChekcStr - Substring result: 1000011
2024/10/17 09:48:06,827 [INFO] ChekcStr - Object created.
2024/10/17 09:48:06,828 [INFO] ChekcStr - Start of binarise algorithm
2024/10/17 09:48:06,828 [INFO] ChekcStr - Start of binarise algorithm
2024/10/17 09:48:06,828 [INFO] ChekcStr - Start of binarise algorithm
2024/10/17 09:48:06,829 [INFO] ChekcStr - Start of binarise algorithm
2024/10/17 09:48:06,829 [INFO] ChekcStr - Start of binarise algorithm
2024/10/17 09:48:06,829 [INFO] ChekcStr - Start of binarise algorithm
2024/10/17 09:48:06,829 [INFO] ChekcStr - Start of binarise algorithm
2024/10/17 09:48:06,830 [INFO] ChekcStr - Start of binarise algorithm
2024/10/17 09:48:06,830 [INFO] ChekcStr - Returns empty
2024/10/17 09:48:06,830 [INFO] ChekcStr - Substring result: 1
2024/10/17 09:48:06,830 [INFO] ChekcStr - Substring result: 11
2024/10/17 09:48:06,830 [INFO] ChekcStr - Substring result: 011
2024/10/17 09:48:06,830 [INFO] ChekcStr - End of binarise algorithm
2024/10/17 09:48:06,830 [INFO] ChekcStr - Substring result: 0011
2024/10/17 09:48:06,830 [INFO] ChekcStr - End of binarise algorithm
2024/10/17 09:48:06,830 [INFO] ChekcStr - Substring result: 00011
2024/10/17 09:48:06,830 [INFO] ChekcStr - End of binarise algorithm
2024/10/17 09:48:06,831 [INFO] ChekcStr - Substring result: 100011
2024/10/17 09:48:06,831 [INFO] ChekcStr - Substring result: 0100011
2024/10/17 09:48:06,831 [INFO] ChekcStr - End of binarise algorithm
2024/10/17 09:48:06,837 [INFO] ChekcStr - Object created.
2024/10/17 09:48:06,837 [INFO] ChekcStr - Start of binarise algorithm
2024/10/17 09:48:06,837 [INFO] ChekcStr - Start of binarise algorithm
2024/10/17 09:48:06,837 [INFO] ChekcStr - Start of binarise algorithm
2024/10/17 09:48:06,837 [INFO] ChekcStr - Start of binarise algorithm
2024/10/17 09:48:06,838 [INFO] ChekcStr - Start of binarise algorithm
2024/10/17 09:48:06,838 [INFO] ChekcStr - Start of binarise algorithm
2024/10/17 09:48:06,838 [INFO] ChekcStr - Start of binarise algorithm
2024/10/17 09:48:06,838 [INFO] ChekcStr - Start of binarise algorithm
2024/10/17 09:48:06,838 [INFO] ChekcStr - Returns empty
2024/10/17 09:48:06,838 [INFO] ChekcStr - Substring result: 1
2024/10/17 09:48:06,838 [INFO] ChekcStr - Substring result: 11
2024/10/17 09:48:06,838 [INFO] ChekcStr - Substring result: 011
2024/10/17 09:48:06,838 [INFO] ChekcStr - End of binarise algorithm
2024/10/17 09:48:06,838 [INFO] ChekcStr - Substring result: 0011
2024/10/17 09:48:06,838 [INFO] ChekcStr - End of binarise algorithm
2024/10/17 09:48:06,838 [INFO] ChekcStr - Substring result: 00011
2024/10/17 09:48:06,838 [INFO] ChekcStr - End of binarise algorithm
2024/10/17 09:48:06,839 [INFO] ChekcStr - Substring result: 100011
2024/10/17 09:48:06,839 [INFO] ChekcStr - Substring result: 1100011
2024/10/17 09:48:06,841 [INFO] ChekcStr - Object created.
2024/10/17 09:48:06,842 [INFO] ChekcStr - Start of binarise algorithm
2024/10/17 09:48:06,842 [INFO] ChekcStr - Start of binarise algorithm
2024/10/17 09:48:06,842 [INFO] ChekcStr - Start of binarise algorithm
2024/10/17 09:48:06,842 [INFO] ChekcStr - Start of binarise algorithm
2024/10/17 09:48:06,842 [INFO] ChekcStr - Start of binarise algorithm
2024/10/17 09:48:06,842 [INFO] ChekcStr - Start of binarise algorithm
2024/10/17 09:48:06,842 [INFO] ChekcStr - Start of binarise algorithm
2024/10/17 09:48:06,842 [INFO] ChekcStr - Start of binarise algorithm
2024/10/17 09:48:06,842 [INFO] ChekcStr - Returns empty
2024/10/17 09:48:06,842 [INFO] ChekcStr - Substring result: 1
2024/10/17 09:48:06,842 [INFO] ChekcStr - Substring result: 11
2024/10/17 09:48:06,843 [INFO] ChekcStr - Substring result: 011
2024/10/17 09:48:06,843 [INFO] ChekcStr - End of binarise algorithm
2024/10/17 09:48:06,843 [INFO] ChekcStr - Substring result: 0011
2024/10/17 09:48:06,843 [INFO] ChekcStr - End of binarise algorithm
2024/10/17 09:48:06,843 [INFO] ChekcStr - Substring result: 10011
2024/10/17 09:48:06,843 [INFO] ChekcStr - Substring result: 010011
2024/10/17 09:48:06,843 [INFO] ChekcStr - End of binarise algorithm
2024/10/17 09:48:06,843 [INFO] ChekcStr - Substring result: 0010011
2024/10/17 09:48:06,843 [INFO] ChekcStr - End of binarise algorithm
2024/10/17 09:48:06,846 [INFO] ChekcStr - Object created.
2024/10/17 09:48:06,846 [INFO] ChekcStr - Start of binarise algorithm
2024/10/17 09:48:06,846 [INFO] ChekcStr - Start of binarise algorithm
2024/10/17 09:48:06,846 [INFO] ChekcStr - Start of binarise algorithm
2024/10/17 09:48:06,846 [INFO] ChekcStr - Start of binarise algorithm
2024/10/17 09:48:06,846 [INFO] ChekcStr - Start of binarise algorithm
2024/10/17 09:48:06,846 [INFO] ChekcStr - Start of binarise algorithm
2024/10/17 09:48:06,847 [INFO] ChekcStr - Start of binarise algorithm
2024/10/17 09:48:06,847 [INFO] ChekcStr - Start of binarise algorithm
2024/10/17 09:48:06,847 [INFO] ChekcStr - Returns empty
2024/10/17 09:48:06,847 [INFO] ChekcStr - Substring result: 1
2024/10/17 09:48:06,847 [INFO] ChekcStr - Substring result: 11
2024/10/17 09:48:06,847 [INFO] ChekcStr - Substring result: 011
2024/10/17 09:48:06,847 [INFO] ChekcStr - End of binarise algorithm
2024/10/17 09:48:06,847 [INFO] ChekcStr - Substring result: 0011
2024/10/17 09:48:06,847 [INFO] ChekcStr - End of binarise algorithm
2024/10/17 09:48:06,847 [INFO] ChekcStr - Substring result: 10011
2024/10/17 09:48:06,847 [INFO] ChekcStr - Substring result: 010011
2024/10/17 09:48:06,847 [INFO] ChekcStr - End of binarise algorithm
2024/10/17 09:48:06,847 [INFO] ChekcStr - Substring result: 1010011
2024/10/17 09:48:06,851 [INFO] ChekcStr - Object created.
2024/10/17 09:48:06,852 [INFO] ChekcStr - Start of binarise algorithm
2024/10/17 09:48:06,852 [INFO] ChekcStr - Start of binarise algorithm
2024/10/17 09:48:06,852 [INFO] ChekcStr - Returns empty
2024/10/17 09:48:06,852 [INFO] ChekcStr - Substring result: 1
2024/10/17 09:48:06,854 [INFO] ChekcStr - Object created.
2024/10/17 09:48:06,854 [INFO] ChekcStr - Start of binarise algorithm
2024/10/17 09:48:06,854 [INFO] ChekcStr - Start of binarise algorithm
2024/10/17 09:48:06,854 [INFO] ChekcStr - Start of binarise algorithm
2024/10/17 09:48:06,855 [INFO] ChekcStr - Returns empty
2024/10/17 09:48:06,855 [INFO] ChekcStr - Substring result: 1
2024/10/17 09:48:06,855 [INFO] ChekcStr - Substring result: 01
2024/10/17 09:48:06,855 [INFO] ChekcStr - End of binarise algorithm
2024/10/17 09:48:06,857 [INFO] ChekcStr - Object created.
2024/10/17 09:48:06,857 [INFO] ChekcStr - Start of binarise algorithm
2024/10/17 09:48:06,857 [INFO] ChekcStr - Start of binarise algorithm
2024/10/17 09:48:06,857 [INFO] ChekcStr - Start of binarise algorithm
2024/10/17 09:48:06,857 [INFO] ChekcStr - Returns empty
2024/10/17 09:48:06,857 [INFO] ChekcStr - Substring result: 1
2024/10/17 09:48:06,857 [INFO] ChekcStr - Substring result: 11
2024/10/17 09:48:06,859 [INFO] ChekcStr - Object created.
2024/10/17 09:48:06,860 [INFO] ChekcStr - Start of binarise algorithm
2024/10/17 09:48:06,860 [INFO] ChekcStr - Start of binarise algorithm
2024/10/17 09:48:06,860 [INFO] ChekcStr - Start of binarise algorithm
2024/10/17 09:48:06,860 [INFO] ChekcStr - Start of binarise algorithm
2024/10/17 09:48:06,860 [INFO] ChekcStr - Returns empty
2024/10/17 09:48:06,860 [INFO] ChekcStr - Substring result: 1
2024/10/17 09:48:06,860 [INFO] ChekcStr - Substring result: 01
2024/10/17 09:48:06,860 [INFO] ChekcStr - End of binarise algorithm
2024/10/17 09:48:06,860 [INFO] ChekcStr - Substring result: 001
2024/10/17 09:48:06,860 [INFO] ChekcStr - End of binarise algorithm
2024/10/17 09:48:06,863 [INFO] ChekcStr - Object created.
2024/10/17 09:48:06,863 [INFO] ChekcStr - Start of binarise algorithm
2024/10/17 09:48:06,863 [INFO] ChekcStr - Start of binarise algorithm
2024/10/17 09:48:06,863 [INFO] ChekcStr - Start of binarise algorithm
2024/10/17 09:48:06,863 [INFO] ChekcStr - Start of binarise algorithm
2024/10/17 09:48:06,864 [INFO] ChekcStr - Returns empty
2024/10/17 09:48:06,864 [INFO] ChekcStr - Substring result: 1
2024/10/17 09:48:06,864 [INFO] ChekcStr - Substring result: 01
2024/10/17 09:48:06,864 [INFO] ChekcStr - End of binarise algorithm
2024/10/17 09:48:06,864 [INFO] ChekcStr - Substring result: 101
2024/10/17 09:48:06,869 [INFO] ChekcStr - Object created.
2024/10/17 09:48:06,869 [INFO] ChekcStr - Start of binarise algorithm
2024/10/17 09:48:06,870 [INFO] ChekcStr - Start of binarise algorithm
2024/10/17 09:48:06,870 [INFO] ChekcStr - Start of binarise algorithm
2024/10/17 09:48:06,870 [INFO] ChekcStr - Start of binarise algorithm
2024/10/17 09:48:06,870 [INFO] ChekcStr - Returns empty
2024/10/17 09:48:06,870 [INFO] ChekcStr - Substring result: 1
2024/10/17 09:48:06,870 [INFO] ChekcStr - Substring result: 11
2024/10/17 09:48:06,870 [INFO] ChekcStr - Substring result: 011
2024/10/17 09:48:06,870 [INFO] ChekcStr - End of binarise algorithm
2024/10/17 09:48:06,872 [INFO] ChekcStr - Object created.
2024/10/17 09:48:06,872 [INFO] ChekcStr - Start of binarise algorithm
2024/10/17 09:48:06,872 [INFO] ChekcStr - Start of binarise algorithm
2024/10/17 09:48:06,873 [INFO] ChekcStr - Start of binarise algorithm
2024/10/17 09:48:06,873 [INFO] ChekcStr - Start of binarise algorithm
2024/10/17 09:48:06,873 [INFO] ChekcStr - Returns empty
2024/10/17 09:48:06,873 [INFO] ChekcStr - Substring result: 1
2024/10/17 09:48:06,873 [INFO] ChekcStr - Substring result: 11
2024/10/17 09:48:06,873 [INFO] ChekcStr - Substring result: 111
2024/10/17 09:48:06,875 [INFO] ChekcStr - Object created.
2024/10/17 09:48:06,876 [INFO] ChekcStr - Start of binarise algorithm
2024/10/17 09:48:06,876 [INFO] ChekcStr - Start of binarise algorithm
2024/10/17 09:48:06,876 [INFO] ChekcStr - Start of binarise algorithm
2024/10/17 09:48:06,876 [INFO] ChekcStr - Start of binarise algorithm
2024/10/17 09:48:06,876 [INFO] ChekcStr - Start of binarise algorithm
2024/10/17 09:48:06,876 [INFO] ChekcStr - Returns empty
2024/10/17 09:48:06,876 [INFO] ChekcStr - Substring result: 1
2024/10/17 09:48:06,876 [INFO] ChekcStr - Substring result: 01
